{"/home/dennis/Docklight/.babelrc.js": {"path":"/home/dennis/Docklight/.babelrc.js","statementMap":{"0":{"start":{"line":1,"column":16},"end":{"line":6,"column":3}},"1":{"start":{"line":8,"column":2},"end":{"line":9,"column":3}}},"fnMap":{},"branchMap":{},"s":{"0":0,"1":0},"f":{},"b":{}}
,"/home/dennis/Docklight/jest-teardown.js": {"path":"/home/dennis/Docklight/jest-teardown.js","statementMap":{"0":{"start":{"line":1,"column":0},"end":{"line":4,"column":2}},"1":{"start":{"line":3,"column":2},"end":{"line":3,"column":21}}},"fnMap":{"0":{"name":"(anonymous_0)","decl":{"start":{"line":1,"column":17},"end":{"line":1,"column":18}},"loc":{"start":{"line":1,"column":41},"end":{"line":4,"column":1}},"line":1}},"branchMap":{},"s":{"0":0,"1":0},"f":{"0":0},"b":{}}
,"/home/dennis/Docklight/jest.config.js": {"path":"/home/dennis/Docklight/jest.config.js","statementMap":{"0":{"start":{"line":1,"column":0},"end":{"line":7,"column":1}}},"fnMap":{},"branchMap":{},"s":{"0":0},"f":{},"b":{}}
,"/home/dennis/Docklight/postcss.config.js": {"path":"/home/dennis/Docklight/postcss.config.js","statementMap":{"0":{"start":{"line":1,"column":0},"end":{"line":6,"column":2}}},"fnMap":{},"branchMap":{},"s":{"0":0},"f":{},"b":{}}
,"/home/dennis/Docklight/tailwind.config.js": {"path":"/home/dennis/Docklight/tailwind.config.js","statementMap":{"0":{"start":{"line":1,"column":0},"end":{"line":21,"column":2}}},"fnMap":{},"branchMap":{},"s":{"0":0},"f":{},"b":{}}
,"/home/dennis/Docklight/webpack.config.js": {"path":"/home/dennis/Docklight/webpack.config.js","statementMap":{"0":{"start":{"line":1,"column":13},"end":{"line":1,"column":28}},"1":{"start":{"line":2,"column":26},"end":{"line":2,"column":56}},"2":{"start":{"line":4,"column":0},"end":{"line":66,"column":2}}},"fnMap":{},"branchMap":{},"s":{"0":0,"1":0,"2":0},"f":{},"b":{}}
,"/home/dennis/Docklight/Client/App.tsx": {"path":"/home/dennis/Docklight/Client/App.tsx","statementMap":{"0":{"start":{"line":13,"column":19},"end":{"line":27,"column":1}},"1":{"start":{"line":14,"column":2},"end":{"line":26,"column":4}}},"fnMap":{"0":{"name":"(anonymous_0)","decl":{"start":{"line":13,"column":19},"end":{"line":13,"column":20}},"loc":{"start":{"line":13,"column":25},"end":{"line":27,"column":1}},"line":13}},"branchMap":{},"s":{"0":0,"1":0},"f":{"0":0},"b":{}}
,"/home/dennis/Docklight/Client/index.tsx": {"path":"/home/dennis/Docklight/Client/index.tsx","statementMap":{"0":{"start":{"line":7,"column":31},"end":{"line":7,"column":63}},"1":{"start":{"line":8,"column":20},"end":{"line":8,"column":41}},"2":{"start":{"line":9,"column":0},"end":{"line":15,"column":2}}},"fnMap":{},"branchMap":{},"s":{"0":0,"1":0,"2":0},"f":{},"b":{}}
,"/home/dennis/Docklight/Client/Charts/BarChart.tsx": {"path":"/home/dennis/Docklight/Client/Charts/BarChart.tsx","statementMap":{"0":{"start":{"line":2,"column":32},"end":{"line":2,"column":37}},"1":{"start":{"line":33,"column":2},"end":{"line":33,"column":42}},"2":{"start":{"line":34,"column":29},"end":{"line":40,"column":4}},"3":{"start":{"line":35,"column":4},"end":{"line":35,"column":32}},"4":{"start":{"line":36,"column":4},"end":{"line":36,"column":34}},"5":{"start":{"line":37,"column":4},"end":{"line":37,"column":32}},"6":{"start":{"line":38,"column":4},"end":{"line":38,"column":32}},"7":{"start":{"line":39,"column":4},"end":{"line":39,"column":15}},"8":{"start":{"line":42,"column":2},"end":{"line":44,"column":3}},"9":{"start":{"line":43,"column":4},"end":{"line":43,"column":54}},"10":{"start":{"line":48,"column":16},"end":{"line":48,"column":23}},"11":{"start":{"line":50,"column":36},"end":{"line":67,"column":4}},"12":{"start":{"line":69,"column":2},"end":{"line":89,"column":19}},"13":{"start":{"line":70,"column":4},"end":{"line":70,"column":42}},"14":{"start":{"line":71,"column":4},"end":{"line":88,"column":7}},"15":{"start":{"line":91,"column":2},"end":{"line":115,"column":4}}},"fnMap":{"0":{"name":"BarChart","decl":{"start":{"line":32,"column":24},"end":{"line":32,"column":32}},"loc":{"start":{"line":32,"column":47},"end":{"line":116,"column":1}},"line":32},"1":{"name":"(anonymous_1)","decl":{"start":{"line":34,"column":47},"end":{"line":34,"column":48}},"loc":{"start":{"line":34,"column":86},"end":{"line":40,"column":3}},"line":34},"2":{"name":"(anonymous_2)","decl":{"start":{"line":69,"column":12},"end":{"line":69,"column":13}},"loc":{"start":{"line":69,"column":18},"end":{"line":89,"column":3}},"line":69}},"branchMap":{},"s":{"0":0,"1":0,"2":0,"3":0,"4":0,"5":0,"6":0,"7":0,"8":0,"9":0,"10":0,"11":0,"12":0,"13":0,"14":0,"15":0},"f":{"0":0,"1":0,"2":0},"b":{}}
,"/home/dennis/Docklight/Client/Charts/LineChart.tsx": {"path":"/home/dennis/Docklight/Client/Charts/LineChart.tsx","statementMap":{"0":{"start":{"line":2,"column":40},"end":{"line":2,"column":45}},"1":{"start":{"line":8,"column":0},"end":{"line":8,"column":37}},"2":{"start":{"line":9,"column":0},"end":{"line":9,"column":31}},"3":{"start":{"line":30,"column":23},"end":{"line":30,"column":28}},"4":{"start":{"line":31,"column":16},"end":{"line":31,"column":39}},"5":{"start":{"line":32,"column":18},"end":{"line":32,"column":37}},"6":{"start":{"line":35,"column":36},"end":{"line":50,"column":4}},"7":{"start":{"line":52,"column":2},"end":{"line":72,"column":18}},"8":{"start":{"line":53,"column":20},"end":{"line":57,"column":5}},"9":{"start":{"line":58,"column":4},"end":{"line":58,"column":21}},"10":{"start":{"line":59,"column":4},"end":{"line":71,"column":8}},"11":{"start":{"line":59,"column":47},"end":{"line":71,"column":5}},"12":{"start":{"line":75,"column":4},"end":{"line":78,"column":7}},"13":{"start":{"line":79,"column":4},"end":{"line":82,"column":7}},"14":{"start":{"line":83,"column":4},"end":{"line":83,"column":35}},"15":{"start":{"line":87,"column":4},"end":{"line":89,"column":5}},"16":{"start":{"line":88,"column":6},"end":{"line":88,"column":16}},"17":{"start":{"line":90,"column":29},"end":{"line":90,"column":31}},"18":{"start":{"line":91,"column":22},"end":{"line":91,"column":41}},"19":{"start":{"line":92,"column":4},"end":{"line":100,"column":7}},"20":{"start":{"line":94,"column":6},"end":{"line":98,"column":7}},"21":{"start":{"line":95,"column":8},"end":{"line":95,"column":31}},"22":{"start":{"line":97,"column":8},"end":{"line":97,"column":38}},"23":{"start":{"line":99,"column":6},"end":{"line":99,"column":25}},"24":{"start":{"line":101,"column":4},"end":{"line":101,"column":18}},"25":{"start":{"line":104,"column":2},"end":{"line":137,"column":4}}},"fnMap":{"0":{"name":"LineChart","decl":{"start":{"line":29,"column":24},"end":{"line":29,"column":33}},"loc":{"start":{"line":29,"column":48},"end":{"line":138,"column":1}},"line":29},"1":{"name":"(anonymous_1)","decl":{"start":{"line":52,"column":12},"end":{"line":52,"column":13}},"loc":{"start":{"line":52,"column":18},"end":{"line":72,"column":3}},"line":52},"2":{"name":"(anonymous_2)","decl":{"start":{"line":59,"column":17},"end":{"line":59,"column":18}},"loc":{"start":{"line":59,"column":47},"end":{"line":71,"column":5}},"line":59},"3":{"name":"setData","decl":{"start":{"line":74,"column":11},"end":{"line":74,"column":18}},"loc":{"start":{"line":74,"column":37},"end":{"line":84,"column":3}},"line":74},"4":{"name":"dataSplit","decl":{"start":{"line":86,"column":11},"end":{"line":86,"column":20}},"loc":{"start":{"line":86,"column":37},"end":{"line":102,"column":3}},"line":86},"5":{"name":"(anonymous_5)","decl":{"start":{"line":92,"column":22},"end":{"line":92,"column":23}},"loc":{"start":{"line":92,"column":30},"end":{"line":100,"column":5}},"line":92}},"branchMap":{"0":{"loc":{"start":{"line":87,"column":4},"end":{"line":89,"column":5}},"type":"if","locations":[{"start":{"line":87,"column":4},"end":{"line":89,"column":5}},{"start":{},"end":{}}],"line":87},"1":{"loc":{"start":{"line":94,"column":6},"end":{"line":98,"column":7}},"type":"if","locations":[{"start":{"line":94,"column":6},"end":{"line":98,"column":7}},{"start":{"line":96,"column":13},"end":{"line":98,"column":7}}],"line":94}},"s":{"0":1,"1":1,"2":1,"3":0,"4":0,"5":0,"6":0,"7":0,"8":0,"9":0,"10":0,"11":0,"12":0,"13":0,"14":0,"15":0,"16":0,"17":0,"18":0,"19":0,"20":0,"21":0,"22":0,"23":0,"24":0,"25":0},"f":{"0":0,"1":0,"2":0,"3":0,"4":0,"5":0},"b":{"0":[0,0],"1":[0,0]},"_coverageSchema":"1a1c01bbd47fc00a2c39e90264f33305004495a9","hash":"90dfe0ec6d1dec8a3f496abedad2470e2e56a236"}
,"/home/dennis/Docklight/Client/Charts/StatChart.tsx": {"path":"/home/dennis/Docklight/Client/Charts/StatChart.tsx","statementMap":{"0":{"start":{"line":2,"column":32},"end":{"line":2,"column":37}},"1":{"start":{"line":19,"column":21},"end":{"line":19,"column":26}},"2":{"start":{"line":22,"column":36},"end":{"line":31,"column":4}},"3":{"start":{"line":33,"column":2},"end":{"line":46,"column":17}},"4":{"start":{"line":34,"column":28},"end":{"line":34,"column":48}},"5":{"start":{"line":35,"column":4},"end":{"line":45,"column":7}},"6":{"start":{"line":48,"column":2},"end":{"line":63,"column":4}}},"fnMap":{"0":{"name":"StatChart","decl":{"start":{"line":18,"column":24},"end":{"line":18,"column":33}},"loc":{"start":{"line":18,"column":48},"end":{"line":64,"column":1}},"line":18},"1":{"name":"(anonymous_1)","decl":{"start":{"line":33,"column":12},"end":{"line":33,"column":13}},"loc":{"start":{"line":33,"column":18},"end":{"line":46,"column":3}},"line":33}},"branchMap":{},"s":{"0":1,"1":0,"2":0,"3":0,"4":0,"5":0,"6":0},"f":{"0":0,"1":0},"b":{},"_coverageSchema":"1a1c01bbd47fc00a2c39e90264f33305004495a9","hash":"d434b2582dbf543b72e55dc2493b7ba7cca19875"}
,"/home/dennis/Docklight/Client/Components/Active.tsx": {"path":"/home/dennis/Docklight/Client/Components/Active.tsx","statementMap":{"0":{"start":{"line":13,"column":2},"end":{"line":28,"column":4}}},"fnMap":{"0":{"name":"Active","decl":{"start":{"line":12,"column":24},"end":{"line":12,"column":30}},"loc":{"start":{"line":12,"column":72},"end":{"line":29,"column":1}},"line":12}},"branchMap":{"0":{"loc":{"start":{"line":16,"column":66},"end":{"line":16,"column":107}},"type":"cond-expr","locations":[{"start":{"line":16,"column":79},"end":{"line":16,"column":91}},{"start":{"line":16,"column":94},"end":{"line":16,"column":107}}],"line":16},"1":{"loc":{"start":{"line":22,"column":65},"end":{"line":22,"column":106}},"type":"cond-expr","locations":[{"start":{"line":22,"column":78},"end":{"line":22,"column":91}},{"start":{"line":22,"column":94},"end":{"line":22,"column":106}}],"line":22}},"s":{"0":0},"f":{"0":0},"b":{"0":[0,0],"1":[0,0]}}
,"/home/dennis/Docklight/Client/Components/Container.tsx": {"path":"/home/dennis/Docklight/Client/Components/Container.tsx","statementMap":{"0":{"start":{"line":2,"column":32},"end":{"line":2,"column":37}},"1":{"start":{"line":28,"column":24},"end":{"line":28,"column":34}},"2":{"start":{"line":29,"column":30},"end":{"line":29,"column":52}},"3":{"start":{"line":31,"column":2},"end":{"line":42,"column":9}},"4":{"start":{"line":32,"column":16},"end":{"line":32,"column":81}},"5":{"start":{"line":33,"column":4},"end":{"line":36,"column":6}},"6":{"start":{"line":34,"column":19},"end":{"line":34,"column":41}},"7":{"start":{"line":35,"column":6},"end":{"line":35,"column":20}},"8":{"start":{"line":37,"column":4},"end":{"line":37,"column":36}},"9":{"start":{"line":37,"column":24},"end":{"line":37,"column":35}},"10":{"start":{"line":38,"column":4},"end":{"line":38,"column":39}},"11":{"start":{"line":39,"column":4},"end":{"line":41,"column":6}},"12":{"start":{"line":40,"column":6},"end":{"line":40,"column":18}},"13":{"start":{"line":44,"column":2},"end":{"line":78,"column":4}},"14":{"start":{"line":49,"column":31},"end":{"line":49,"column":56}}},"fnMap":{"0":{"name":"Container","decl":{"start":{"line":27,"column":24},"end":{"line":27,"column":33}},"loc":{"start":{"line":27,"column":47},"end":{"line":79,"column":1}},"line":27},"1":{"name":"(anonymous_1)","decl":{"start":{"line":31,"column":12},"end":{"line":31,"column":13}},"loc":{"start":{"line":31,"column":18},"end":{"line":42,"column":3}},"line":31},"2":{"name":"(anonymous_2)","decl":{"start":{"line":33,"column":20},"end":{"line":33,"column":21}},"loc":{"start":{"line":33,"column":31},"end":{"line":36,"column":5}},"line":33},"3":{"name":"(anonymous_3)","decl":{"start":{"line":37,"column":18},"end":{"line":37,"column":19}},"loc":{"start":{"line":37,"column":24},"end":{"line":37,"column":35}},"line":37},"4":{"name":"(anonymous_4)","decl":{"start":{"line":39,"column":11},"end":{"line":39,"column":12}},"loc":{"start":{"line":39,"column":17},"end":{"line":41,"column":5}},"line":39},"5":{"name":"(anonymous_5)","decl":{"start":{"line":49,"column":25},"end":{"line":49,"column":26}},"loc":{"start":{"line":49,"column":31},"end":{"line":49,"column":56}},"line":49}},"branchMap":{"0":{"loc":{"start":{"line":53,"column":7},"end":{"line":75,"column":14}},"type":"cond-expr","locations":[{"start":{"line":54,"column":8},"end":{"line":54,"column":18}},{"start":{"line":56,"column":8},"end":{"line":75,"column":14}}],"line":53}},"s":{"0":0,"1":0,"2":0,"3":0,"4":0,"5":0,"6":0,"7":0,"8":0,"9":0,"10":0,"11":0,"12":0,"13":0,"14":0},"f":{"0":0,"1":0,"2":0,"3":0,"4":0,"5":0},"b":{"0":[0,0]}}
,"/home/dennis/Docklight/Client/Components/InactiveContainers.tsx": {"path":"/home/dennis/Docklight/Client/Components/InactiveContainers.tsx","statementMap":{"0":{"start":{"line":12,"column":26},"end":{"line":12,"column":36}},"1":{"start":{"line":13,"column":4},"end":{"line":19,"column":6}},"2":{"start":{"line":17,"column":35},"end":{"line":17,"column":58}}},"fnMap":{"0":{"name":"InactiveContainers","decl":{"start":{"line":11,"column":9},"end":{"line":11,"column":27}},"loc":{"start":{"line":11,"column":42},"end":{"line":20,"column":1}},"line":11},"1":{"name":"(anonymous_1)","decl":{"start":{"line":17,"column":29},"end":{"line":17,"column":30}},"loc":{"start":{"line":17,"column":35},"end":{"line":17,"column":58}},"line":17}},"branchMap":{},"s":{"0":0,"1":0,"2":0},"f":{"0":0,"1":0},"b":{}}
,"/home/dennis/Docklight/Client/Components/Notifications.tsx": {"path":"/home/dennis/Docklight/Client/Components/Notifications.tsx","statementMap":{"0":{"start":{"line":4,"column":4},"end":{"line":4,"column":29}},"1":{"start":{"line":5,"column":2},"end":{"line":10,"column":3}},"2":{"start":{"line":8,"column":40},"end":{"line":8,"column":61}}},"fnMap":{"0":{"name":"Notifications","decl":{"start":{"line":3,"column":24},"end":{"line":3,"column":37}},"loc":{"start":{"line":3,"column":50},"end":{"line":11,"column":1}},"line":3},"1":{"name":"(anonymous_1)","decl":{"start":{"line":8,"column":26},"end":{"line":8,"column":27}},"loc":{"start":{"line":8,"column":39},"end":{"line":8,"column":62}},"line":8}},"branchMap":{},"s":{"0":0,"1":0,"2":0},"f":{"0":0,"1":0},"b":{}}
,"/home/dennis/Docklight/Client/Components/OverviewContainer.tsx": {"path":"/home/dennis/Docklight/Client/Components/OverviewContainer.tsx","statementMap":{"0":{"start":{"line":3,"column":26},"end":{"line":14,"column":1}},"1":{"start":{"line":4,"column":2},"end":{"line":13,"column":4}}},"fnMap":{"0":{"name":"(anonymous_0)","decl":{"start":{"line":3,"column":26},"end":{"line":3,"column":27}},"loc":{"start":{"line":3,"column":42},"end":{"line":14,"column":1}},"line":3}},"branchMap":{},"s":{"0":0,"1":0},"f":{"0":0},"b":{}}
,"/home/dennis/Docklight/Client/Components/SearchContainers.tsx": {"path":"/home/dennis/Docklight/Client/Components/SearchContainers.tsx","statementMap":{"0":{"start":{"line":5,"column":2},"end":{"line":11,"column":3}}},"fnMap":{"0":{"name":"SearchContainers","decl":{"start":{"line":4,"column":24},"end":{"line":4,"column":40}},"loc":{"start":{"line":4,"column":43},"end":{"line":12,"column":1}},"line":4}},"branchMap":{},"s":{"0":0},"f":{"0":0},"b":{}}
,"/home/dennis/Docklight/Client/Containers/DataOverview.tsx": {"path":"/home/dennis/Docklight/Client/Containers/DataOverview.tsx","statementMap":{"0":{"start":{"line":2,"column":32},"end":{"line":2,"column":37}},"1":{"start":{"line":22,"column":48},"end":{"line":22,"column":73}},"2":{"start":{"line":24,"column":2},"end":{"line":35,"column":9}},"3":{"start":{"line":25,"column":16},"end":{"line":25,"column":72}},"4":{"start":{"line":26,"column":4},"end":{"line":29,"column":6}},"5":{"start":{"line":27,"column":19},"end":{"line":27,"column":41}},"6":{"start":{"line":28,"column":6},"end":{"line":28,"column":31}},"7":{"start":{"line":30,"column":4},"end":{"line":30,"column":36}},"8":{"start":{"line":30,"column":24},"end":{"line":30,"column":35}},"9":{"start":{"line":31,"column":4},"end":{"line":31,"column":46}},"10":{"start":{"line":32,"column":4},"end":{"line":34,"column":6}},"11":{"start":{"line":33,"column":6},"end":{"line":33,"column":18}},"12":{"start":{"line":38,"column":17},"end":{"line":38,"column":19}},"13":{"start":{"line":39,"column":2},"end":{"line":73,"column":3}},"14":{"start":{"line":39,"column":15},"end":{"line":39,"column":16}},"15":{"start":{"line":41,"column":20},"end":{"line":41,"column":38}},"16":{"start":{"line":43,"column":25},"end":{"line":43,"column":37}},"17":{"start":{"line":44,"column":25},"end":{"line":44,"column":42}},"18":{"start":{"line":46,"column":24},"end":{"line":46,"column":79}},"19":{"start":{"line":47,"column":27},"end":{"line":47,"column":82}},"20":{"start":{"line":49,"column":4},"end":{"line":52,"column":5}},"21":{"start":{"line":50,"column":6},"end":{"line":50,"column":27}},"22":{"start":{"line":51,"column":6},"end":{"line":51,"column":32}},"23":{"start":{"line":53,"column":4},"end":{"line":57,"column":5}},"24":{"start":{"line":54,"column":6},"end":{"line":56,"column":8}},"25":{"start":{"line":58,"column":4},"end":{"line":62,"column":5}},"26":{"start":{"line":59,"column":6},"end":{"line":61,"column":8}},"27":{"start":{"line":75,"column":2},"end":{"line":106,"column":4}},"28":{"start":{"line":88,"column":32},"end":{"line":88,"column":65}},"29":{"start":{"line":89,"column":33},"end":{"line":89,"column":66}},"30":{"start":{"line":90,"column":16},"end":{"line":97,"column":19}}},"fnMap":{"0":{"name":"DataOverview","decl":{"start":{"line":20,"column":24},"end":{"line":20,"column":36}},"loc":{"start":{"line":20,"column":39},"end":{"line":107,"column":1}},"line":20},"1":{"name":"(anonymous_1)","decl":{"start":{"line":24,"column":12},"end":{"line":24,"column":13}},"loc":{"start":{"line":24,"column":18},"end":{"line":35,"column":3}},"line":24},"2":{"name":"(anonymous_2)","decl":{"start":{"line":26,"column":20},"end":{"line":26,"column":21}},"loc":{"start":{"line":26,"column":45},"end":{"line":29,"column":5}},"line":26},"3":{"name":"(anonymous_3)","decl":{"start":{"line":30,"column":18},"end":{"line":30,"column":19}},"loc":{"start":{"line":30,"column":24},"end":{"line":30,"column":35}},"line":30},"4":{"name":"(anonymous_4)","decl":{"start":{"line":32,"column":11},"end":{"line":32,"column":12}},"loc":{"start":{"line":32,"column":17},"end":{"line":34,"column":5}},"line":32},"5":{"name":"(anonymous_5)","decl":{"start":{"line":86,"column":50},"end":{"line":86,"column":51}},"loc":{"start":{"line":86,"column":63},"end":{"line":98,"column":15}},"line":86}},"branchMap":{"0":{"loc":{"start":{"line":49,"column":4},"end":{"line":52,"column":5}},"type":"if","locations":[{"start":{"line":49,"column":4},"end":{"line":52,"column":5}},{"start":{},"end":{}}],"line":49},"1":{"loc":{"start":{"line":49,"column":8},"end":{"line":49,"column":31}},"type":"binary-expr","locations":[{"start":{"line":49,"column":8},"end":{"line":49,"column":16}},{"start":{"line":49,"column":20},"end":{"line":49,"column":31}}],"line":49},"2":{"loc":{"start":{"line":53,"column":4},"end":{"line":57,"column":5}},"type":"if","locations":[{"start":{"line":53,"column":4},"end":{"line":57,"column":5}},{"start":{},"end":{}}],"line":53},"3":{"loc":{"start":{"line":58,"column":4},"end":{"line":62,"column":5}},"type":"if","locations":[{"start":{"line":58,"column":4},"end":{"line":62,"column":5}},{"start":{},"end":{}}],"line":58},"4":{"loc":{"start":{"line":80,"column":7},"end":{"line":104,"column":9}},"type":"cond-expr","locations":[{"start":{"line":82,"column":8},"end":{"line":82,"column":18}},{"start":{"line":84,"column":10},"end":{"line":103,"column":16}}],"line":80}},"s":{"0":0,"1":0,"2":0,"3":0,"4":0,"5":0,"6":0,"7":0,"8":0,"9":0,"10":0,"11":0,"12":0,"13":0,"14":0,"15":0,"16":0,"17":0,"18":0,"19":0,"20":0,"21":0,"22":0,"23":0,"24":0,"25":0,"26":0,"27":0,"28":0,"29":0,"30":0},"f":{"0":0,"1":0,"2":0,"3":0,"4":0,"5":0},"b":{"0":[0,0],"1":[0,0],"2":[0,0],"3":[0,0],"4":[0,0]}}
,"/home/dennis/Docklight/Client/Containers/Homepage.tsx": {"path":"/home/dennis/Docklight/Client/Containers/Homepage.tsx","statementMap":{"0":{"start":{"line":4,"column":2},"end":{"line":11,"column":4}}},"fnMap":{"0":{"name":"Homepage","decl":{"start":{"line":3,"column":24},"end":{"line":3,"column":32}},"loc":{"start":{"line":3,"column":35},"end":{"line":12,"column":1}},"line":3}},"branchMap":{},"s":{"0":0},"f":{"0":0},"b":{}}
,"/home/dennis/Docklight/Client/Containers/Navbar.tsx": {"path":"/home/dennis/Docklight/Client/Containers/Navbar.tsx","statementMap":{"0":{"start":{"line":10,"column":2},"end":{"line":23,"column":4}}},"fnMap":{"0":{"name":"Navbar","decl":{"start":{"line":8,"column":24},"end":{"line":8,"column":30}},"loc":{"start":{"line":8,"column":33},"end":{"line":24,"column":1}},"line":8}},"branchMap":{},"s":{"0":0},"f":{"0":0},"b":{}}
,"/home/dennis/Docklight/Client/Containers/Team.tsx": {"path":"/home/dennis/Docklight/Client/Containers/Team.tsx","statementMap":{"0":{"start":{"line":4,"column":2},"end":{"line":6,"column":3}}},"fnMap":{"0":{"name":"Team","decl":{"start":{"line":3,"column":24},"end":{"line":3,"column":28}},"loc":{"start":{"line":3,"column":31},"end":{"line":7,"column":1}},"line":3}},"branchMap":{},"s":{"0":0},"f":{"0":0},"b":{}}
,"/home/dennis/Docklight/Client/Containers/YourContainers.tsx": {"path":"/home/dennis/Docklight/Client/Containers/YourContainers.tsx","statementMap":{"0":{"start":{"line":2,"column":32},"end":{"line":2,"column":37}},"1":{"start":{"line":20,"column":31},"end":{"line":20,"column":60}},"2":{"start":{"line":21,"column":42},"end":{"line":21,"column":71}},"3":{"start":{"line":22,"column":48},"end":{"line":22,"column":72}},"4":{"start":{"line":24,"column":2},"end":{"line":39,"column":9}},"5":{"start":{"line":25,"column":4},"end":{"line":38,"column":40}},"6":{"start":{"line":27,"column":8},"end":{"line":27,"column":54}},"7":{"start":{"line":28,"column":43},"end":{"line":28,"column":45}},"8":{"start":{"line":29,"column":44},"end":{"line":29,"column":46}},"9":{"start":{"line":30,"column":8},"end":{"line":34,"column":11}},"10":{"start":{"line":31,"column":10},"end":{"line":32,"column":36}},"11":{"start":{"line":31,"column":38},"end":{"line":31,"column":58}},"12":{"start":{"line":32,"column":15},"end":{"line":32,"column":36}},"13":{"start":{"line":33,"column":10},"end":{"line":33,"column":25}},"14":{"start":{"line":35,"column":8},"end":{"line":35,"column":28}},"15":{"start":{"line":36,"column":8},"end":{"line":36,"column":37}},"16":{"start":{"line":38,"column":22},"end":{"line":38,"column":38}},"17":{"start":{"line":42,"column":4},"end":{"line":42,"column":60}},"18":{"start":{"line":42,"column":35},"end":{"line":42,"column":60}},"19":{"start":{"line":46,"column":4},"end":{"line":46,"column":60}},"20":{"start":{"line":46,"column":34},"end":{"line":46,"column":60}},"21":{"start":{"line":50,"column":4},"end":{"line":52,"column":37}},"22":{"start":{"line":51,"column":19},"end":{"line":51,"column":40}},"23":{"start":{"line":52,"column":20},"end":{"line":52,"column":36}},"24":{"start":{"line":53,"column":4},"end":{"line":53,"column":75}},"25":{"start":{"line":53,"column":42},"end":{"line":53,"column":73}},"26":{"start":{"line":54,"column":4},"end":{"line":54,"column":64}},"27":{"start":{"line":54,"column":35},"end":{"line":54,"column":63}},"28":{"start":{"line":58,"column":4},"end":{"line":60,"column":37}},"29":{"start":{"line":59,"column":19},"end":{"line":59,"column":40}},"30":{"start":{"line":60,"column":20},"end":{"line":60,"column":36}},"31":{"start":{"line":61,"column":4},"end":{"line":61,"column":56}},"32":{"start":{"line":61,"column":27},"end":{"line":61,"column":55}},"33":{"start":{"line":62,"column":4},"end":{"line":62,"column":86}},"34":{"start":{"line":62,"column":53},"end":{"line":62,"column":84}},"35":{"start":{"line":65,"column":2},"end":{"line":88,"column":4}},"36":{"start":{"line":75,"column":12},"end":{"line":77,"column":15}},"37":{"start":{"line":83,"column":12},"end":{"line":83,"column":121}}},"fnMap":{"0":{"name":"YourContainers","decl":{"start":{"line":19,"column":24},"end":{"line":19,"column":38}},"loc":{"start":{"line":19,"column":40},"end":{"line":89,"column":1}},"line":19},"1":{"name":"(anonymous_1)","decl":{"start":{"line":24,"column":12},"end":{"line":24,"column":13}},"loc":{"start":{"line":24,"column":18},"end":{"line":39,"column":3}},"line":24},"2":{"name":"(anonymous_2)","decl":{"start":{"line":26,"column":12},"end":{"line":26,"column":13}},"loc":{"start":{"line":26,"column":21},"end":{"line":37,"column":7}},"line":26},"3":{"name":"(anonymous_3)","decl":{"start":{"line":30,"column":25},"end":{"line":30,"column":26}},"loc":{"start":{"line":30,"column":47},"end":{"line":34,"column":9}},"line":30},"4":{"name":"(anonymous_4)","decl":{"start":{"line":38,"column":13},"end":{"line":38,"column":14}},"loc":{"start":{"line":38,"column":22},"end":{"line":38,"column":38}},"line":38},"5":{"name":"inactiveButton","decl":{"start":{"line":41,"column":11},"end":{"line":41,"column":25}},"loc":{"start":{"line":41,"column":33},"end":{"line":43,"column":3}},"line":41},"6":{"name":"activeButton","decl":{"start":{"line":45,"column":11},"end":{"line":45,"column":23}},"loc":{"start":{"line":45,"column":31},"end":{"line":47,"column":3}},"line":45},"7":{"name":"containerUnmount","decl":{"start":{"line":49,"column":11},"end":{"line":49,"column":27}},"loc":{"start":{"line":49,"column":56},"end":{"line":55,"column":3}},"line":49},"8":{"name":"(anonymous_8)","decl":{"start":{"line":51,"column":12},"end":{"line":51,"column":13}},"loc":{"start":{"line":51,"column":19},"end":{"line":51,"column":40}},"line":51},"9":{"name":"(anonymous_9)","decl":{"start":{"line":52,"column":13},"end":{"line":52,"column":14}},"loc":{"start":{"line":52,"column":20},"end":{"line":52,"column":36}},"line":52},"10":{"name":"(anonymous_10)","decl":{"start":{"line":53,"column":29},"end":{"line":53,"column":30}},"loc":{"start":{"line":53,"column":42},"end":{"line":53,"column":73}},"line":53},"11":{"name":"(anonymous_11)","decl":{"start":{"line":54,"column":20},"end":{"line":54,"column":21}},"loc":{"start":{"line":54,"column":35},"end":{"line":54,"column":63}},"line":54},"12":{"name":"containerMount","decl":{"start":{"line":57,"column":11},"end":{"line":57,"column":25}},"loc":{"start":{"line":57,"column":53},"end":{"line":63,"column":3}},"line":57},"13":{"name":"(anonymous_13)","decl":{"start":{"line":59,"column":12},"end":{"line":59,"column":13}},"loc":{"start":{"line":59,"column":19},"end":{"line":59,"column":40}},"line":59},"14":{"name":"(anonymous_14)","decl":{"start":{"line":60,"column":13},"end":{"line":60,"column":14}},"loc":{"start":{"line":60,"column":20},"end":{"line":60,"column":36}},"line":60},"15":{"name":"(anonymous_15)","decl":{"start":{"line":61,"column":12},"end":{"line":61,"column":13}},"loc":{"start":{"line":61,"column":27},"end":{"line":61,"column":55}},"line":61},"16":{"name":"(anonymous_16)","decl":{"start":{"line":62,"column":40},"end":{"line":62,"column":41}},"loc":{"start":{"line":62,"column":53},"end":{"line":62,"column":84}},"line":62},"17":{"name":"(anonymous_17)","decl":{"start":{"line":74,"column":28},"end":{"line":74,"column":29}},"loc":{"start":{"line":75,"column":12},"end":{"line":77,"column":15}},"line":75},"18":{"name":"(anonymous_18)","decl":{"start":{"line":82,"column":25},"end":{"line":82,"column":26}},"loc":{"start":{"line":83,"column":12},"end":{"line":83,"column":121}},"line":83}},"branchMap":{"0":{"loc":{"start":{"line":31,"column":10},"end":{"line":32,"column":36}},"type":"if","locations":[{"start":{"line":31,"column":10},"end":{"line":32,"column":36}},{"start":{"line":32,"column":15},"end":{"line":32,"column":36}}],"line":31},"1":{"loc":{"start":{"line":42,"column":4},"end":{"line":42,"column":60}},"type":"if","locations":[{"start":{"line":42,"column":4},"end":{"line":42,"column":60}},{"start":{},"end":{}}],"line":42},"2":{"loc":{"start":{"line":46,"column":4},"end":{"line":46,"column":60}},"type":"if","locations":[{"start":{"line":46,"column":4},"end":{"line":46,"column":60}},{"start":{},"end":{}}],"line":46},"3":{"loc":{"start":{"line":71,"column":7},"end":{"line":85,"column":14}},"type":"cond-expr","locations":[{"start":{"line":73,"column":8},"end":{"line":79,"column":14}},{"start":{"line":81,"column":8},"end":{"line":85,"column":14}}],"line":71}},"s":{"0":0,"1":0,"2":0,"3":0,"4":0,"5":0,"6":0,"7":0,"8":0,"9":0,"10":0,"11":0,"12":0,"13":0,"14":0,"15":0,"16":0,"17":0,"18":0,"19":0,"20":0,"21":0,"22":0,"23":0,"24":0,"25":0,"26":0,"27":0,"28":0,"29":0,"30":0,"31":0,"32":0,"33":0,"34":0,"35":0,"36":0,"37":0},"f":{"0":0,"1":0,"2":0,"3":0,"4":0,"5":0,"6":0,"7":0,"8":0,"9":0,"10":0,"11":0,"12":0,"13":0,"14":0,"15":0,"16":0,"17":0,"18":0},"b":{"0":[0,0],"1":[0,0],"2":[0,0],"3":[0,0]}}
,"/home/dennis/Docklight/Client/Features/containerList.tsx": {"path":"/home/dennis/Docklight/Client/Features/containerList.tsx","statementMap":{},"fnMap":{},"branchMap":{},"s":{},"f":{},"b":{}}
,"/home/dennis/Docklight/Client/Utility/Loader.tsx": {"path":"/home/dennis/Docklight/Client/Utility/Loader.tsx","statementMap":{"0":{"start":{"line":4,"column":2},"end":{"line":13,"column":4}}},"fnMap":{"0":{"name":"Loader","decl":{"start":{"line":3,"column":9},"end":{"line":3,"column":15}},"loc":{"start":{"line":3,"column":18},"end":{"line":14,"column":1}},"line":3}},"branchMap":{},"s":{"0":2},"f":{"0":2},"b":{},"_coverageSchema":"1a1c01bbd47fc00a2c39e90264f33305004495a9","hash":"7147af361ef1624ee1a5ce685d9923b208a0f0dc"}
,"/home/dennis/Docklight/build/bundle.js": {"path":"/home/dennis/Docklight/build/bundle.js","statementMap":{"0":{"start":{"line":1,"column":0},"end":{"line":1,"column":3639936}},"1":{"start":{"line":1,"column":30},"end":{"line":1,"column":3638466}},"2":{"start":{"line":1,"column":92},"end":{"line":1,"column":964}},"3":{"start":{"line":1,"column":980},"end":{"line":1,"column":2776}},"4":{"start":{"line":1,"column":2839},"end":{"line":1,"column":4974}},"5":{"start":{"line":1,"column":4990},"end":{"line":1,"column":6619}},"6":{"start":{"line":1,"column":6682},"end":{"line":1,"column":12069}},"7":{"start":{"line":1,"column":12085},"end":{"line":1,"column":15033}},"8":{"start":{"line":1,"column":15096},"end":{"line":1,"column":17024}},"9":{"start":{"line":1,"column":17087},"end":{"line":1,"column":20334}},"10":{"start":{"line":1,"column":20397},"end":{"line":1,"column":22157}},"11":{"start":{"line":1,"column":22220},"end":{"line":1,"column":27577}},"12":{"start":{"line":1,"column":27665},"end":{"line":1,"column":659799}},"13":{"start":{"line":1,"column":659887},"end":{"line":1,"column":743359}},"14":{"start":{"line":1,"column":743422},"end":{"line":1,"column":756567}},"15":{"start":{"line":1,"column":756638},"end":{"line":1,"column":829281}},"16":{"start":{"line":1,"column":829310},"end":{"line":1,"column":836166}},"17":{"start":{"line":1,"column":836195},"end":{"line":1,"column":838403}},"18":{"start":{"line":1,"column":838449},"end":{"line":1,"column":855864}},"19":{"start":{"line":1,"column":855927},"end":{"line":1,"column":874652}},"20":{"start":{"line":1,"column":874715},"end":{"line":1,"column":875944}},"21":{"start":{"line":1,"column":875988},"end":{"line":1,"column":890696}},"22":{"start":{"line":1,"column":890759},"end":{"line":1,"column":897491}},"23":{"start":{"line":1,"column":897554},"end":{"line":1,"column":898855}},"24":{"start":{"line":1,"column":898917},"end":{"line":1,"column":949516}},"25":{"start":{"line":1,"column":949579},"end":{"line":1,"column":986534}},"26":{"start":{"line":1,"column":986550},"end":{"line":1,"column":987419}},"27":{"start":{"line":1,"column":987448},"end":{"line":1,"column":988622}},"28":{"start":{"line":1,"column":988685},"end":{"line":1,"column":989593}},"29":{"start":{"line":1,"column":989668},"end":{"line":1,"column":1000335}},"30":{"start":{"line":1,"column":1000351},"end":{"line":1,"column":1009281}},"31":{"start":{"line":1,"column":1009357},"end":{"line":1,"column":1018650}},"32":{"start":{"line":1,"column":1018738},"end":{"line":1,"column":1036891}},"33":{"start":{"line":1,"column":1036967},"end":{"line":1,"column":1390588}},"34":{"start":{"line":1,"column":1390663},"end":{"line":1,"column":1392174}},"35":{"start":{"line":1,"column":1392250},"end":{"line":1,"column":1395514}},"36":{"start":{"line":1,"column":1395602},"end":{"line":1,"column":1890609}},"37":{"start":{"line":1,"column":1890665},"end":{"line":1,"column":1909602}},"38":{"start":{"line":1,"column":1909678},"end":{"line":1,"column":1910451}},"39":{"start":{"line":1,"column":1910505},"end":{"line":1,"column":1922434}},"40":{"start":{"line":1,"column":1922510},"end":{"line":1,"column":1923297}},"41":{"start":{"line":1,"column":1923384},"end":{"line":1,"column":1930217}},"42":{"start":{"line":1,"column":1930246},"end":{"line":1,"column":1937402}},"43":{"start":{"line":1,"column":1937430},"end":{"line":1,"column":1940480}},"44":{"start":{"line":1,"column":1940509},"end":{"line":1,"column":1941654}},"45":{"start":{"line":1,"column":1941730},"end":{"line":1,"column":1942941}},"46":{"start":{"line":1,"column":1942970},"end":{"line":1,"column":1947289}},"47":{"start":{"line":1,"column":1947318},"end":{"line":1,"column":1948728}},"48":{"start":{"line":1,"column":1948804},"end":{"line":1,"column":1957127}},"49":{"start":{"line":1,"column":1957209},"end":{"line":1,"column":1962605}},"50":{"start":{"line":1,"column":1962687},"end":{"line":1,"column":1973339}},"51":{"start":{"line":1,"column":1973421},"end":{"line":1,"column":1986972}},"52":{"start":{"line":1,"column":1987054},"end":{"line":1,"column":1992937}},"53":{"start":{"line":1,"column":1993019},"end":{"line":1,"column":1996706}},"54":{"start":{"line":1,"column":1996788},"end":{"line":1,"column":2006517}},"55":{"start":{"line":1,"column":2006599},"end":{"line":1,"column":2010595}},"56":{"start":{"line":1,"column":2010677},"end":{"line":1,"column":2013680}},"57":{"start":{"line":1,"column":2013762},"end":{"line":1,"column":2026880}},"58":{"start":{"line":1,"column":2026962},"end":{"line":1,"column":2030817}},"59":{"start":{"line":1,"column":2030899},"end":{"line":1,"column":2037648}},"60":{"start":{"line":1,"column":2037730},"end":{"line":1,"column":2039642}},"61":{"start":{"line":1,"column":2039724},"end":{"line":1,"column":2050169}},"62":{"start":{"line":1,"column":2050251},"end":{"line":1,"column":2056204}},"63":{"start":{"line":1,"column":2056286},"end":{"line":1,"column":2059397}},"64":{"start":{"line":1,"column":2059421},"end":{"line":1,"column":2059448}},"65":{"start":{"line":1,"column":2059472},"end":{"line":1,"column":2059499}},"66":{"start":{"line":1,"column":2059523},"end":{"line":1,"column":2059546}},"67":{"start":{"line":1,"column":2059570},"end":{"line":1,"column":2059595}},"68":{"start":{"line":1,"column":2059619},"end":{"line":1,"column":2059645}},"69":{"start":{"line":1,"column":2059669},"end":{"line":1,"column":2059692}},"70":{"start":{"line":1,"column":2059716},"end":{"line":1,"column":2059741}},"71":{"start":{"line":1,"column":2059765},"end":{"line":1,"column":2059792}},"72":{"start":{"line":1,"column":2059816},"end":{"line":1,"column":2059840}},"73":{"start":{"line":1,"column":2059864},"end":{"line":1,"column":2059888}},"74":{"start":{"line":1,"column":2059912},"end":{"line":1,"column":2059937}},"75":{"start":{"line":1,"column":2059961},"end":{"line":1,"column":2059986}},"76":{"start":{"line":1,"column":2060062},"end":{"line":1,"column":2333925}},"77":{"start":{"line":1,"column":2334025},"end":{"line":1,"column":2335224}},"78":{"start":{"line":1,"column":2335324},"end":{"line":1,"column":3282660}},"79":{"start":{"line":1,"column":3282760},"end":{"line":1,"column":3492243}},"80":{"start":{"line":1,"column":3492267},"end":{"line":1,"column":3638464}},"81":{"start":{"line":1,"column":3638492},"end":{"line":1,"column":3638494}},"82":{"start":{"line":1,"column":3638557},"end":{"line":1,"column":3638584}},"83":{"start":{"line":1,"column":3638585},"end":{"line":1,"column":3638616}},"84":{"start":{"line":1,"column":3638599},"end":{"line":1,"column":3638616}},"85":{"start":{"line":1,"column":3638622},"end":{"line":1,"column":3638667}},"86":{"start":{"line":1,"column":3638668},"end":{"line":1,"column":3638755}},"87":{"start":{"line":1,"column":3638756},"end":{"line":1,"column":3639882}},"88":{"start":{"line":1,"column":3638788},"end":{"line":1,"column":3638823}},"89":{"start":{"line":1,"column":3638808},"end":{"line":1,"column":3638817}},"90":{"start":{"line":1,"column":3638822},"end":{"line":1,"column":3638823}},"91":{"start":{"line":1,"column":3638824},"end":{"line":1,"column":3638863}},"92":{"start":{"line":1,"column":3638899},"end":{"line":1,"column":3638923}},"93":{"start":{"line":1,"column":3638927},"end":{"line":1,"column":3638938}},"94":{"start":{"line":1,"column":3638975},"end":{"line":1,"column":3639008}},"95":{"start":{"line":1,"column":3638999},"end":{"line":1,"column":3639008}},"96":{"start":{"line":1,"column":3639008},"end":{"line":1,"column":3639108}},"97":{"start":{"line":1,"column":3639034},"end":{"line":1,"column":3639064}},"98":{"start":{"line":1,"column":3639055},"end":{"line":1,"column":3639064}},"99":{"start":{"line":1,"column":3639064},"end":{"line":1,"column":3639107}},"100":{"start":{"line":1,"column":3639099},"end":{"line":1,"column":3639107}},"101":{"start":{"line":1,"column":3639114},"end":{"line":1,"column":3639133}},"102":{"start":{"line":1,"column":3639134},"end":{"line":1,"column":3639159}},"103":{"start":{"line":1,"column":3639165},"end":{"line":1,"column":3639167}},"104":{"start":{"line":1,"column":3639168},"end":{"line":1,"column":3639251}},"105":{"start":{"line":1,"column":3639251},"end":{"line":1,"column":3639388}},"106":{"start":{"line":1,"column":3639261},"end":{"line":1,"column":3639267}},"107":{"start":{"line":1,"column":3639330},"end":{"line":1,"column":3639388}},"108":{"start":{"line":1,"column":3639372},"end":{"line":1,"column":3639385}},"109":{"start":{"line":1,"column":3639381},"end":{"line":1,"column":3639385}},"110":{"start":{"line":1,"column":3639388},"end":{"line":1,"column":3639439}},"111":{"start":{"line":1,"column":3639409},"end":{"line":1,"column":3639410}},"112":{"start":{"line":1,"column":3639471},"end":{"line":1,"column":3639594}},"113":{"start":{"line":1,"column":3639486},"end":{"line":1,"column":3639594}},"114":{"start":{"line":1,"column":3639625},"end":{"line":1,"column":3639666}},"115":{"start":{"line":1,"column":3639693},"end":{"line":1,"column":3639850}},"116":{"start":{"line":1,"column":3639906},"end":{"line":1,"column":3639931}}},"fnMap":{"0":{"name":"(anonymous_0)","decl":{"start":{"line":1,"column":1},"end":{"line":1,"column":2}},"loc":{"start":{"line":1,"column":5},"end":{"line":1,"column":3639932}},"line":1},"1":{"name":"(anonymous_1)","decl":{"start":{"line":1,"column":36},"end":{"line":1,"column":37}},"loc":{"start":{"line":1,"column":91},"end":{"line":1,"column":965}},"line":1},"2":{"name":"(anonymous_2)","decl":{"start":{"line":1,"column":971},"end":{"line":1,"column":972}},"loc":{"start":{"line":1,"column":979},"end":{"line":1,"column":2777}},"line":1},"3":{"name":"(anonymous_3)","decl":{"start":{"line":1,"column":2783},"end":{"line":1,"column":2784}},"loc":{"start":{"line":1,"column":2838},"end":{"line":1,"column":4975}},"line":1},"4":{"name":"(anonymous_4)","decl":{"start":{"line":1,"column":4981},"end":{"line":1,"column":4982}},"loc":{"start":{"line":1,"column":4989},"end":{"line":1,"column":6620}},"line":1},"5":{"name":"(anonymous_5)","decl":{"start":{"line":1,"column":6626},"end":{"line":1,"column":6627}},"loc":{"start":{"line":1,"column":6681},"end":{"line":1,"column":12070}},"line":1},"6":{"name":"(anonymous_6)","decl":{"start":{"line":1,"column":12076},"end":{"line":1,"column":12077}},"loc":{"start":{"line":1,"column":12084},"end":{"line":1,"column":15034}},"line":1},"7":{"name":"(anonymous_7)","decl":{"start":{"line":1,"column":15040},"end":{"line":1,"column":15041}},"loc":{"start":{"line":1,"column":15095},"end":{"line":1,"column":17025}},"line":1},"8":{"name":"(anonymous_8)","decl":{"start":{"line":1,"column":17031},"end":{"line":1,"column":17032}},"loc":{"start":{"line":1,"column":17086},"end":{"line":1,"column":20335}},"line":1},"9":{"name":"(anonymous_9)","decl":{"start":{"line":1,"column":20341},"end":{"line":1,"column":20342}},"loc":{"start":{"line":1,"column":20396},"end":{"line":1,"column":22158}},"line":1},"10":{"name":"(anonymous_10)","decl":{"start":{"line":1,"column":22164},"end":{"line":1,"column":22165}},"loc":{"start":{"line":1,"column":22219},"end":{"line":1,"column":27578}},"line":1},"11":{"name":"(anonymous_11)","decl":{"start":{"line":1,"column":27584},"end":{"line":1,"column":27585}},"loc":{"start":{"line":1,"column":27651},"end":{"line":1,"column":659800}},"line":1},"12":{"name":"(anonymous_12)","decl":{"start":{"line":1,"column":659806},"end":{"line":1,"column":659807}},"loc":{"start":{"line":1,"column":659873},"end":{"line":1,"column":743360}},"line":1},"13":{"name":"(anonymous_13)","decl":{"start":{"line":1,"column":743366},"end":{"line":1,"column":743367}},"loc":{"start":{"line":1,"column":743421},"end":{"line":1,"column":756568}},"line":1},"14":{"name":"(anonymous_14)","decl":{"start":{"line":1,"column":756574},"end":{"line":1,"column":756575}},"loc":{"start":{"line":1,"column":756624},"end":{"line":1,"column":829282}},"line":1},"15":{"name":"(anonymous_15)","decl":{"start":{"line":1,"column":829288},"end":{"line":1,"column":829289}},"loc":{"start":{"line":1,"column":829296},"end":{"line":1,"column":836167}},"line":1},"16":{"name":"(anonymous_16)","decl":{"start":{"line":1,"column":836173},"end":{"line":1,"column":836174}},"loc":{"start":{"line":1,"column":836181},"end":{"line":1,"column":838404}},"line":1},"17":{"name":"(anonymous_17)","decl":{"start":{"line":1,"column":838410},"end":{"line":1,"column":838411}},"loc":{"start":{"line":1,"column":838448},"end":{"line":1,"column":855865}},"line":1},"18":{"name":"(anonymous_18)","decl":{"start":{"line":1,"column":855871},"end":{"line":1,"column":855872}},"loc":{"start":{"line":1,"column":855926},"end":{"line":1,"column":874653}},"line":1},"19":{"name":"(anonymous_19)","decl":{"start":{"line":1,"column":874659},"end":{"line":1,"column":874660}},"loc":{"start":{"line":1,"column":874714},"end":{"line":1,"column":875945}},"line":1},"20":{"name":"(anonymous_20)","decl":{"start":{"line":1,"column":875949},"end":{"line":1,"column":875950}},"loc":{"start":{"line":1,"column":875987},"end":{"line":1,"column":890697}},"line":1},"21":{"name":"(anonymous_21)","decl":{"start":{"line":1,"column":890703},"end":{"line":1,"column":890704}},"loc":{"start":{"line":1,"column":890758},"end":{"line":1,"column":897492}},"line":1},"22":{"name":"(anonymous_22)","decl":{"start":{"line":1,"column":897498},"end":{"line":1,"column":897499}},"loc":{"start":{"line":1,"column":897553},"end":{"line":1,"column":898856}},"line":1},"23":{"name":"(anonymous_23)","decl":{"start":{"line":1,"column":898861},"end":{"line":1,"column":898862}},"loc":{"start":{"line":1,"column":898916},"end":{"line":1,"column":949517}},"line":1},"24":{"name":"(anonymous_24)","decl":{"start":{"line":1,"column":949523},"end":{"line":1,"column":949524}},"loc":{"start":{"line":1,"column":949578},"end":{"line":1,"column":986535}},"line":1},"25":{"name":"(anonymous_25)","decl":{"start":{"line":1,"column":986541},"end":{"line":1,"column":986542}},"loc":{"start":{"line":1,"column":986549},"end":{"line":1,"column":987420}},"line":1},"26":{"name":"(anonymous_26)","decl":{"start":{"line":1,"column":987426},"end":{"line":1,"column":987427}},"loc":{"start":{"line":1,"column":987434},"end":{"line":1,"column":988623}},"line":1},"27":{"name":"(anonymous_27)","decl":{"start":{"line":1,"column":988629},"end":{"line":1,"column":988630}},"loc":{"start":{"line":1,"column":988684},"end":{"line":1,"column":989594}},"line":1},"28":{"name":"(anonymous_28)","decl":{"start":{"line":1,"column":989599},"end":{"line":1,"column":989600}},"loc":{"start":{"line":1,"column":989654},"end":{"line":1,"column":1000336}},"line":1},"29":{"name":"(anonymous_29)","decl":{"start":{"line":1,"column":1000342},"end":{"line":1,"column":1000343}},"loc":{"start":{"line":1,"column":1000350},"end":{"line":1,"column":1009282}},"line":1},"30":{"name":"(anonymous_30)","decl":{"start":{"line":1,"column":1009288},"end":{"line":1,"column":1009289}},"loc":{"start":{"line":1,"column":1009343},"end":{"line":1,"column":1018651}},"line":1},"31":{"name":"(anonymous_31)","decl":{"start":{"line":1,"column":1018657},"end":{"line":1,"column":1018658}},"loc":{"start":{"line":1,"column":1018724},"end":{"line":1,"column":1036892}},"line":1},"32":{"name":"(anonymous_32)","decl":{"start":{"line":1,"column":1036898},"end":{"line":1,"column":1036899}},"loc":{"start":{"line":1,"column":1036953},"end":{"line":1,"column":1390589}},"line":1},"33":{"name":"(anonymous_33)","decl":{"start":{"line":1,"column":1390594},"end":{"line":1,"column":1390595}},"loc":{"start":{"line":1,"column":1390649},"end":{"line":1,"column":1392175}},"line":1},"34":{"name":"(anonymous_34)","decl":{"start":{"line":1,"column":1392181},"end":{"line":1,"column":1392182}},"loc":{"start":{"line":1,"column":1392236},"end":{"line":1,"column":1395515}},"line":1},"35":{"name":"(anonymous_35)","decl":{"start":{"line":1,"column":1395521},"end":{"line":1,"column":1395522}},"loc":{"start":{"line":1,"column":1395588},"end":{"line":1,"column":1890610}},"line":1},"36":{"name":"(anonymous_36)","decl":{"start":{"line":1,"column":1890616},"end":{"line":1,"column":1890617}},"loc":{"start":{"line":1,"column":1890651},"end":{"line":1,"column":1909603}},"line":1},"37":{"name":"(anonymous_37)","decl":{"start":{"line":1,"column":1909609},"end":{"line":1,"column":1909610}},"loc":{"start":{"line":1,"column":1909664},"end":{"line":1,"column":1910452}},"line":1},"38":{"name":"(anonymous_38)","decl":{"start":{"line":1,"column":1910456},"end":{"line":1,"column":1910457}},"loc":{"start":{"line":1,"column":1910491},"end":{"line":1,"column":1922435}},"line":1},"39":{"name":"(anonymous_39)","decl":{"start":{"line":1,"column":1922441},"end":{"line":1,"column":1922442}},"loc":{"start":{"line":1,"column":1922496},"end":{"line":1,"column":1923298}},"line":1},"40":{"name":"(anonymous_40)","decl":{"start":{"line":1,"column":1923303},"end":{"line":1,"column":1923304}},"loc":{"start":{"line":1,"column":1923370},"end":{"line":1,"column":1930218}},"line":1},"41":{"name":"(anonymous_41)","decl":{"start":{"line":1,"column":1930224},"end":{"line":1,"column":1930225}},"loc":{"start":{"line":1,"column":1930232},"end":{"line":1,"column":1937403}},"line":1},"42":{"name":"(anonymous_42)","decl":{"start":{"line":1,"column":1937408},"end":{"line":1,"column":1937409}},"loc":{"start":{"line":1,"column":1937416},"end":{"line":1,"column":1940481}},"line":1},"43":{"name":"(anonymous_43)","decl":{"start":{"line":1,"column":1940487},"end":{"line":1,"column":1940488}},"loc":{"start":{"line":1,"column":1940495},"end":{"line":1,"column":1941655}},"line":1},"44":{"name":"(anonymous_44)","decl":{"start":{"line":1,"column":1941661},"end":{"line":1,"column":1941662}},"loc":{"start":{"line":1,"column":1941716},"end":{"line":1,"column":1942942}},"line":1},"45":{"name":"(anonymous_45)","decl":{"start":{"line":1,"column":1942948},"end":{"line":1,"column":1942949}},"loc":{"start":{"line":1,"column":1942956},"end":{"line":1,"column":1947290}},"line":1},"46":{"name":"(anonymous_46)","decl":{"start":{"line":1,"column":1947296},"end":{"line":1,"column":1947297}},"loc":{"start":{"line":1,"column":1947304},"end":{"line":1,"column":1948729}},"line":1},"47":{"name":"(anonymous_47)","decl":{"start":{"line":1,"column":1948735},"end":{"line":1,"column":1948736}},"loc":{"start":{"line":1,"column":1948790},"end":{"line":1,"column":1957128}},"line":1},"48":{"name":"(anonymous_48)","decl":{"start":{"line":1,"column":1957134},"end":{"line":1,"column":1957135}},"loc":{"start":{"line":1,"column":1957195},"end":{"line":1,"column":1962606}},"line":1},"49":{"name":"(anonymous_49)","decl":{"start":{"line":1,"column":1962612},"end":{"line":1,"column":1962613}},"loc":{"start":{"line":1,"column":1962673},"end":{"line":1,"column":1973340}},"line":1},"50":{"name":"(anonymous_50)","decl":{"start":{"line":1,"column":1973346},"end":{"line":1,"column":1973347}},"loc":{"start":{"line":1,"column":1973407},"end":{"line":1,"column":1986973}},"line":1},"51":{"name":"(anonymous_51)","decl":{"start":{"line":1,"column":1986979},"end":{"line":1,"column":1986980}},"loc":{"start":{"line":1,"column":1987040},"end":{"line":1,"column":1992938}},"line":1},"52":{"name":"(anonymous_52)","decl":{"start":{"line":1,"column":1992944},"end":{"line":1,"column":1992945}},"loc":{"start":{"line":1,"column":1993005},"end":{"line":1,"column":1996707}},"line":1},"53":{"name":"(anonymous_53)","decl":{"start":{"line":1,"column":1996713},"end":{"line":1,"column":1996714}},"loc":{"start":{"line":1,"column":1996774},"end":{"line":1,"column":2006518}},"line":1},"54":{"name":"(anonymous_54)","decl":{"start":{"line":1,"column":2006524},"end":{"line":1,"column":2006525}},"loc":{"start":{"line":1,"column":2006585},"end":{"line":1,"column":2010596}},"line":1},"55":{"name":"(anonymous_55)","decl":{"start":{"line":1,"column":2010602},"end":{"line":1,"column":2010603}},"loc":{"start":{"line":1,"column":2010663},"end":{"line":1,"column":2013681}},"line":1},"56":{"name":"(anonymous_56)","decl":{"start":{"line":1,"column":2013687},"end":{"line":1,"column":2013688}},"loc":{"start":{"line":1,"column":2013748},"end":{"line":1,"column":2026881}},"line":1},"57":{"name":"(anonymous_57)","decl":{"start":{"line":1,"column":2026887},"end":{"line":1,"column":2026888}},"loc":{"start":{"line":1,"column":2026948},"end":{"line":1,"column":2030818}},"line":1},"58":{"name":"(anonymous_58)","decl":{"start":{"line":1,"column":2030824},"end":{"line":1,"column":2030825}},"loc":{"start":{"line":1,"column":2030885},"end":{"line":1,"column":2037649}},"line":1},"59":{"name":"(anonymous_59)","decl":{"start":{"line":1,"column":2037655},"end":{"line":1,"column":2037656}},"loc":{"start":{"line":1,"column":2037716},"end":{"line":1,"column":2039643}},"line":1},"60":{"name":"(anonymous_60)","decl":{"start":{"line":1,"column":2039649},"end":{"line":1,"column":2039650}},"loc":{"start":{"line":1,"column":2039710},"end":{"line":1,"column":2050170}},"line":1},"61":{"name":"(anonymous_61)","decl":{"start":{"line":1,"column":2050176},"end":{"line":1,"column":2050177}},"loc":{"start":{"line":1,"column":2050237},"end":{"line":1,"column":2056205}},"line":1},"62":{"name":"(anonymous_62)","decl":{"start":{"line":1,"column":2056211},"end":{"line":1,"column":2056212}},"loc":{"start":{"line":1,"column":2056272},"end":{"line":1,"column":2059398}},"line":1},"63":{"name":"(anonymous_63)","decl":{"start":{"line":1,"column":2059404},"end":{"line":1,"column":2059405}},"loc":{"start":{"line":1,"column":2059407},"end":{"line":1,"column":2059449}},"line":1},"64":{"name":"(anonymous_64)","decl":{"start":{"line":1,"column":2059455},"end":{"line":1,"column":2059456}},"loc":{"start":{"line":1,"column":2059458},"end":{"line":1,"column":2059500}},"line":1},"65":{"name":"(anonymous_65)","decl":{"start":{"line":1,"column":2059506},"end":{"line":1,"column":2059507}},"loc":{"start":{"line":1,"column":2059509},"end":{"line":1,"column":2059547}},"line":1},"66":{"name":"(anonymous_66)","decl":{"start":{"line":1,"column":2059553},"end":{"line":1,"column":2059554}},"loc":{"start":{"line":1,"column":2059556},"end":{"line":1,"column":2059596}},"line":1},"67":{"name":"(anonymous_67)","decl":{"start":{"line":1,"column":2059602},"end":{"line":1,"column":2059603}},"loc":{"start":{"line":1,"column":2059605},"end":{"line":1,"column":2059646}},"line":1},"68":{"name":"(anonymous_68)","decl":{"start":{"line":1,"column":2059652},"end":{"line":1,"column":2059653}},"loc":{"start":{"line":1,"column":2059655},"end":{"line":1,"column":2059693}},"line":1},"69":{"name":"(anonymous_69)","decl":{"start":{"line":1,"column":2059699},"end":{"line":1,"column":2059700}},"loc":{"start":{"line":1,"column":2059702},"end":{"line":1,"column":2059742}},"line":1},"70":{"name":"(anonymous_70)","decl":{"start":{"line":1,"column":2059748},"end":{"line":1,"column":2059749}},"loc":{"start":{"line":1,"column":2059751},"end":{"line":1,"column":2059793}},"line":1},"71":{"name":"(anonymous_71)","decl":{"start":{"line":1,"column":2059799},"end":{"line":1,"column":2059800}},"loc":{"start":{"line":1,"column":2059802},"end":{"line":1,"column":2059841}},"line":1},"72":{"name":"(anonymous_72)","decl":{"start":{"line":1,"column":2059847},"end":{"line":1,"column":2059848}},"loc":{"start":{"line":1,"column":2059850},"end":{"line":1,"column":2059889}},"line":1},"73":{"name":"(anonymous_73)","decl":{"start":{"line":1,"column":2059895},"end":{"line":1,"column":2059896}},"loc":{"start":{"line":1,"column":2059898},"end":{"line":1,"column":2059938}},"line":1},"74":{"name":"(anonymous_74)","decl":{"start":{"line":1,"column":2059944},"end":{"line":1,"column":2059945}},"loc":{"start":{"line":1,"column":2059947},"end":{"line":1,"column":2059987}},"line":1},"75":{"name":"(anonymous_75)","decl":{"start":{"line":1,"column":2059993},"end":{"line":1,"column":2059994}},"loc":{"start":{"line":1,"column":2060048},"end":{"line":1,"column":2333926}},"line":1},"76":{"name":"(anonymous_76)","decl":{"start":{"line":1,"column":2333932},"end":{"line":1,"column":2333933}},"loc":{"start":{"line":1,"column":2334011},"end":{"line":1,"column":2335225}},"line":1},"77":{"name":"(anonymous_77)","decl":{"start":{"line":1,"column":2335231},"end":{"line":1,"column":2335232}},"loc":{"start":{"line":1,"column":2335310},"end":{"line":1,"column":3282661}},"line":1},"78":{"name":"(anonymous_78)","decl":{"start":{"line":1,"column":3282667},"end":{"line":1,"column":3282668}},"loc":{"start":{"line":1,"column":3282746},"end":{"line":1,"column":3492244}},"line":1},"79":{"name":"(anonymous_79)","decl":{"start":{"line":1,"column":3492250},"end":{"line":1,"column":3492251}},"loc":{"start":{"line":1,"column":3492253},"end":{"line":1,"column":3638465}},"line":1},"80":{"name":"__webpack_require__","decl":{"start":{"line":1,"column":3638528},"end":{"line":1,"column":3638547}},"loc":{"start":{"line":1,"column":3638550},"end":{"line":1,"column":3638756}},"line":1},"81":{"name":"(anonymous_81)","decl":{"start":{"line":1,"column":3638778},"end":{"line":1,"column":3638779}},"loc":{"start":{"line":1,"column":3638781},"end":{"line":1,"column":3638864}},"line":1},"82":{"name":"(anonymous_82)","decl":{"start":{"line":1,"column":3638804},"end":{"line":1,"column":3638805}},"loc":{"start":{"line":1,"column":3638808},"end":{"line":1,"column":3638817}},"line":1},"83":{"name":"(anonymous_83)","decl":{"start":{"line":1,"column":3638818},"end":{"line":1,"column":3638819}},"loc":{"start":{"line":1,"column":3638822},"end":{"line":1,"column":3638823}},"line":1},"84":{"name":"(anonymous_84)","decl":{"start":{"line":1,"column":3638896},"end":{"line":1,"column":3638897}},"loc":{"start":{"line":1,"column":3638899},"end":{"line":1,"column":3638923}},"line":1},"85":{"name":"(anonymous_85)","decl":{"start":{"line":1,"column":3638924},"end":{"line":1,"column":3638925}},"loc":{"start":{"line":1,"column":3638927},"end":{"line":1,"column":3638938}},"line":1},"86":{"name":"(anonymous_86)","decl":{"start":{"line":1,"column":3638961},"end":{"line":1,"column":3638962}},"loc":{"start":{"line":1,"column":3638974},"end":{"line":1,"column":3639440}},"line":1},"87":{"name":"(anonymous_87)","decl":{"start":{"line":1,"column":3639369},"end":{"line":1,"column":3639370}},"loc":{"start":{"line":1,"column":3639372},"end":{"line":1,"column":3639385}},"line":1},"88":{"name":"(anonymous_88)","decl":{"start":{"line":1,"column":3639377},"end":{"line":1,"column":3639378}},"loc":{"start":{"line":1,"column":3639381},"end":{"line":1,"column":3639385}},"line":1},"89":{"name":"(anonymous_89)","decl":{"start":{"line":1,"column":3639405},"end":{"line":1,"column":3639406}},"loc":{"start":{"line":1,"column":3639409},"end":{"line":1,"column":3639410}},"line":1},"90":{"name":"(anonymous_90)","decl":{"start":{"line":1,"column":3639463},"end":{"line":1,"column":3639464}},"loc":{"start":{"line":1,"column":3639470},"end":{"line":1,"column":3639595}},"line":1},"91":{"name":"(anonymous_91)","decl":{"start":{"line":1,"column":3639618},"end":{"line":1,"column":3639619}},"loc":{"start":{"line":1,"column":3639625},"end":{"line":1,"column":3639666}},"line":1},"92":{"name":"(anonymous_92)","decl":{"start":{"line":1,"column":3639689},"end":{"line":1,"column":3639690}},"loc":{"start":{"line":1,"column":3639692},"end":{"line":1,"column":3639851}},"line":1}},"branchMap":{"0":{"loc":{"start":{"line":1,"column":3638585},"end":{"line":1,"column":3638616}},"type":"if","locations":[{"start":{"line":1,"column":3638585},"end":{"line":1,"column":3638616}},{"start":{},"end":{}}],"line":1},"1":{"loc":{"start":{"line":1,"column":3638788},"end":{"line":1,"column":3638823}},"type":"cond-expr","locations":[{"start":{"line":1,"column":3638804},"end":{"line":1,"column":3638817}},{"start":{"line":1,"column":3638818},"end":{"line":1,"column":3638823}}],"line":1},"2":{"loc":{"start":{"line":1,"column":3638788},"end":{"line":1,"column":3638803}},"type":"binary-expr","locations":[{"start":{"line":1,"column":3638788},"end":{"line":1,"column":3638789}},{"start":{"line":1,"column":3638791},"end":{"line":1,"column":3638803}}],"line":1},"3":{"loc":{"start":{"line":1,"column":3638874},"end":{"line":1,"column":3638938}},"type":"cond-expr","locations":[{"start":{"line":1,"column":3638896},"end":{"line":1,"column":3638923}},{"start":{"line":1,"column":3638924},"end":{"line":1,"column":3638938}}],"line":1},"4":{"loc":{"start":{"line":1,"column":3638975},"end":{"line":1,"column":3639008}},"type":"if","locations":[{"start":{"line":1,"column":3638975},"end":{"line":1,"column":3639008}},{"start":{},"end":{}}],"line":1},"5":{"loc":{"start":{"line":1,"column":3638978},"end":{"line":1,"column":3638994}},"type":"binary-expr","locations":[{"start":{"line":1,"column":3638978},"end":{"line":1,"column":3638981}},{"start":{"line":1,"column":3638984},"end":{"line":1,"column":3638993}}],"line":1},"6":{"loc":{"start":{"line":1,"column":3639008},"end":{"line":1,"column":3639108}},"type":"if","locations":[{"start":{"line":1,"column":3639008},"end":{"line":1,"column":3639108}},{"start":{},"end":{}}],"line":1},"7":{"loc":{"start":{"line":1,"column":3639011},"end":{"line":1,"column":3639032}},"type":"binary-expr","locations":[{"start":{"line":1,"column":3639011},"end":{"line":1,"column":3639029}},{"start":{"line":1,"column":3639031},"end":{"line":1,"column":3639032}}],"line":1},"8":{"loc":{"start":{"line":1,"column":3639034},"end":{"line":1,"column":3639064}},"type":"if","locations":[{"start":{"line":1,"column":3639034},"end":{"line":1,"column":3639064}},{"start":{},"end":{}}],"line":1},"9":{"loc":{"start":{"line":1,"column":3639037},"end":{"line":1,"column":3639054}},"type":"binary-expr","locations":[{"start":{"line":1,"column":3639037},"end":{"line":1,"column":3639040}},{"start":{"line":1,"column":3639042},"end":{"line":1,"column":3639054}}],"line":1},"10":{"loc":{"start":{"line":1,"column":3639064},"end":{"line":1,"column":3639107}},"type":"if","locations":[{"start":{"line":1,"column":3639064},"end":{"line":1,"column":3639107}},{"start":{},"end":{}}],"line":1},"11":{"loc":{"start":{"line":1,"column":3639067},"end":{"line":1,"column":3639098}},"type":"binary-expr","locations":[{"start":{"line":1,"column":3639067},"end":{"line":1,"column":3639071}},{"start":{"line":1,"column":3639073},"end":{"line":1,"column":3639098}}],"line":1},"12":{"loc":{"start":{"line":1,"column":3639183},"end":{"line":1,"column":3639250}},"type":"binary-expr","locations":[{"start":{"line":1,"column":3639183},"end":{"line":1,"column":3639197}},{"start":{"line":1,"column":3639199},"end":{"line":1,"column":3639250}}],"line":1},"13":{"loc":{"start":{"line":1,"column":3639261},"end":{"line":1,"column":3639267}},"type":"binary-expr","locations":[{"start":{"line":1,"column":3639261},"end":{"line":1,"column":3639264}},{"start":{"line":1,"column":3639266},"end":{"line":1,"column":3639267}}],"line":1},"14":{"loc":{"start":{"line":1,"column":3639268},"end":{"line":1,"column":3639315}},"type":"binary-expr","locations":[{"start":{"line":1,"column":3639268},"end":{"line":1,"column":3639286}},{"start":{"line":1,"column":3639288},"end":{"line":1,"column":3639315}}],"line":1},"15":{"loc":{"start":{"line":1,"column":3639486},"end":{"line":1,"column":3639594}},"type":"binary-expr","locations":[{"start":{"line":1,"column":3639486},"end":{"line":1,"column":3639512}},{"start":{"line":1,"column":3639514},"end":{"line":1,"column":3639541}},{"start":{"line":1,"column":3639543},"end":{"line":1,"column":3639594}}],"line":1},"16":{"loc":{"start":{"line":1,"column":3639693},"end":{"line":1,"column":3639801}},"type":"binary-expr","locations":[{"start":{"line":1,"column":3639693},"end":{"line":1,"column":3639719}},{"start":{"line":1,"column":3639721},"end":{"line":1,"column":3639739}},{"start":{"line":1,"column":3639741},"end":{"line":1,"column":3639801}}],"line":1}},"s":{"0":0,"1":0,"2":0,"3":0,"4":0,"5":0,"6":0,"7":0,"8":0,"9":0,"10":0,"11":0,"12":0,"13":0,"14":0,"15":0,"16":0,"17":0,"18":0,"19":0,"20":0,"21":0,"22":0,"23":0,"24":0,"25":0,"26":0,"27":0,"28":0,"29":0,"30":0,"31":0,"32":0,"33":0,"34":0,"35":0,"36":0,"37":0,"38":0,"39":0,"40":0,"41":0,"42":0,"43":0,"44":0,"45":0,"46":0,"47":0,"48":0,"49":0,"50":0,"51":0,"52":0,"53":0,"54":0,"55":0,"56":0,"57":0,"58":0,"59":0,"60":0,"61":0,"62":0,"63":0,"64":0,"65":0,"66":0,"67":0,"68":0,"69":0,"70":0,"71":0,"72":0,"73":0,"74":0,"75":0,"76":0,"77":0,"78":0,"79":0,"80":0,"81":0,"82":0,"83":0,"84":0,"85":0,"86":0,"87":0,"88":0,"89":0,"90":0,"91":0,"92":0,"93":0,"94":0,"95":0,"96":0,"97":0,"98":0,"99":0,"100":0,"101":0,"102":0,"103":0,"104":0,"105":0,"106":0,"107":0,"108":0,"109":0,"110":0,"111":0,"112":0,"113":0,"114":0,"115":0,"116":0},"f":{"0":0,"1":0,"2":0,"3":0,"4":0,"5":0,"6":0,"7":0,"8":0,"9":0,"10":0,"11":0,"12":0,"13":0,"14":0,"15":0,"16":0,"17":0,"18":0,"19":0,"20":0,"21":0,"22":0,"23":0,"24":0,"25":0,"26":0,"27":0,"28":0,"29":0,"30":0,"31":0,"32":0,"33":0,"34":0,"35":0,"36":0,"37":0,"38":0,"39":0,"40":0,"41":0,"42":0,"43":0,"44":0,"45":0,"46":0,"47":0,"48":0,"49":0,"50":0,"51":0,"52":0,"53":0,"54":0,"55":0,"56":0,"57":0,"58":0,"59":0,"60":0,"61":0,"62":0,"63":0,"64":0,"65":0,"66":0,"67":0,"68":0,"69":0,"70":0,"71":0,"72":0,"73":0,"74":0,"75":0,"76":0,"77":0,"78":0,"79":0,"80":0,"81":0,"82":0,"83":0,"84":0,"85":0,"86":0,"87":0,"88":0,"89":0,"90":0,"91":0,"92":0},"b":{"0":[0,0],"1":[0,0],"2":[0,0],"3":[0,0],"4":[0,0],"5":[0,0],"6":[0,0],"7":[0,0],"8":[0,0],"9":[0,0],"10":[0,0],"11":[0,0],"12":[0,0],"13":[0,0],"14":[0,0],"15":[0,0,0],"16":[0,0,0]}}
,"/home/dennis/Docklight/coverage/lcov-report/block-navigation.js": {"path":"/home/dennis/Docklight/coverage/lcov-report/block-navigation.js","statementMap":{"0":{"start":{"line":2,"column":17},"end":{"line":86,"column":4}},"1":{"start":{"line":4,"column":33},"end":{"line":4,"column":74}},"2":{"start":{"line":7,"column":30},"end":{"line":7,"column":44}},"3":{"start":{"line":10,"column":22},"end":{"line":10,"column":78}},"4":{"start":{"line":14,"column":8},"end":{"line":17,"column":55}},"5":{"start":{"line":20,"column":34},"end":{"line":20,"column":69}},"6":{"start":{"line":25,"column":8},"end":{"line":27,"column":45}},"7":{"start":{"line":28,"column":8},"end":{"line":28,"column":73}},"8":{"start":{"line":32,"column":8},"end":{"line":32,"column":27}},"9":{"start":{"line":33,"column":8},"end":{"line":33,"column":29}},"10":{"start":{"line":34,"column":8},"end":{"line":38,"column":11}},"11":{"start":{"line":42,"column":24},"end":{"line":42,"column":25}},"12":{"start":{"line":43,"column":8},"end":{"line":47,"column":9}},"13":{"start":{"line":44,"column":12},"end":{"line":44,"column":59}},"14":{"start":{"line":45,"column":15},"end":{"line":47,"column":9}},"15":{"start":{"line":46,"column":12},"end":{"line":46,"column":41}},"16":{"start":{"line":49,"column":8},"end":{"line":49,"column":31}},"17":{"start":{"line":53,"column":24},"end":{"line":53,"column":25}},"18":{"start":{"line":55,"column":8},"end":{"line":60,"column":9}},"19":{"start":{"line":59,"column":12},"end":{"line":59,"column":41}},"20":{"start":{"line":62,"column":8},"end":{"line":62,"column":31}},"21":{"start":{"line":65,"column":4},"end":{"line":85,"column":6}},"22":{"start":{"line":66,"column":8},"end":{"line":72,"column":9}},"23":{"start":{"line":71,"column":12},"end":{"line":71,"column":19}},"24":{"start":{"line":74,"column":8},"end":{"line":84,"column":9}},"25":{"start":{"line":77,"column":16},"end":{"line":77,"column":27}},"26":{"start":{"line":78,"column":16},"end":{"line":78,"column":22}},"27":{"start":{"line":82,"column":16},"end":{"line":82,"column":31}},"28":{"start":{"line":83,"column":16},"end":{"line":83,"column":22}},"29":{"start":{"line":87,"column":0},"end":{"line":87,"column":47}}},"fnMap":{"0":{"name":"init","decl":{"start":{"line":2,"column":27},"end":{"line":2,"column":31}},"loc":{"start":{"line":2,"column":34},"end":{"line":86,"column":1}},"line":2},"1":{"name":"toggleClass","decl":{"start":{"line":24,"column":13},"end":{"line":24,"column":24}},"loc":{"start":{"line":24,"column":32},"end":{"line":29,"column":5}},"line":24},"2":{"name":"makeCurrent","decl":{"start":{"line":31,"column":13},"end":{"line":31,"column":24}},"loc":{"start":{"line":31,"column":32},"end":{"line":39,"column":5}},"line":31},"3":{"name":"goToPrevious","decl":{"start":{"line":41,"column":13},"end":{"line":41,"column":25}},"loc":{"start":{"line":41,"column":28},"end":{"line":50,"column":5}},"line":41},"4":{"name":"goToNext","decl":{"start":{"line":52,"column":13},"end":{"line":52,"column":21}},"loc":{"start":{"line":52,"column":24},"end":{"line":63,"column":5}},"line":52},"5":{"name":"jump","decl":{"start":{"line":65,"column":20},"end":{"line":65,"column":24}},"loc":{"start":{"line":65,"column":32},"end":{"line":85,"column":5}},"line":65}},"branchMap":{"0":{"loc":{"start":{"line":43,"column":8},"end":{"line":47,"column":9}},"type":"if","locations":[{"start":{"line":43,"column":8},"end":{"line":47,"column":9}},{"start":{"line":45,"column":15},"end":{"line":47,"column":9}}],"line":43},"1":{"loc":{"start":{"line":43,"column":12},"end":{"line":43,"column":66}},"type":"binary-expr","locations":[{"start":{"line":43,"column":12},"end":{"line":43,"column":44}},{"start":{"line":43,"column":48},"end":{"line":43,"column":66}}],"line":43},"2":{"loc":{"start":{"line":45,"column":15},"end":{"line":47,"column":9}},"type":"if","locations":[{"start":{"line":45,"column":15},"end":{"line":47,"column":9}},{"start":{},"end":{}}],"line":45},"3":{"loc":{"start":{"line":55,"column":8},"end":{"line":60,"column":9}},"type":"if","locations":[{"start":{"line":55,"column":8},"end":{"line":60,"column":9}},{"start":{},"end":{}}],"line":55},"4":{"loc":{"start":{"line":56,"column":12},"end":{"line":57,"column":61}},"type":"binary-expr","locations":[{"start":{"line":56,"column":12},"end":{"line":56,"column":44}},{"start":{"line":57,"column":12},"end":{"line":57,"column":61}}],"line":56},"5":{"loc":{"start":{"line":66,"column":8},"end":{"line":72,"column":9}},"type":"if","locations":[{"start":{"line":66,"column":8},"end":{"line":72,"column":9}},{"start":{},"end":{}}],"line":66},"6":{"loc":{"start":{"line":67,"column":12},"end":{"line":68,"column":42}},"type":"binary-expr","locations":[{"start":{"line":67,"column":12},"end":{"line":67,"column":76}},{"start":{"line":68,"column":12},"end":{"line":68,"column":42}}],"line":67},"7":{"loc":{"start":{"line":74,"column":8},"end":{"line":84,"column":9}},"type":"switch","locations":[{"start":{"line":75,"column":12},"end":{"line":75,"column":20}},{"start":{"line":76,"column":12},"end":{"line":78,"column":22}},{"start":{"line":79,"column":12},"end":{"line":79,"column":20}},{"start":{"line":80,"column":12},"end":{"line":80,"column":20}},{"start":{"line":81,"column":12},"end":{"line":83,"column":22}}],"line":74}},"s":{"0":0,"1":0,"2":0,"3":0,"4":0,"5":0,"6":0,"7":0,"8":0,"9":0,"10":0,"11":0,"12":0,"13":0,"14":0,"15":0,"16":0,"17":0,"18":0,"19":0,"20":0,"21":0,"22":0,"23":0,"24":0,"25":0,"26":0,"27":0,"28":0,"29":0},"f":{"0":0,"1":0,"2":0,"3":0,"4":0,"5":0},"b":{"0":[0,0],"1":[0,0],"2":[0,0],"3":[0,0],"4":[0,0],"5":[0,0],"6":[0,0],"7":[0,0,0,0,0]}}
,"/home/dennis/Docklight/coverage/lcov-report/prettify.js": {"path":"/home/dennis/Docklight/coverage/lcov-report/prettify.js","statementMap":{"0":{"start":{"line":2,"column":0},"end":{"line":2,"column":39}},"1":{"start":{"line":2,"column":39},"end":{"line":2,"column":15785}},"2":{"start":{"line":2,"column":57},"end":{"line":2,"column":103}},"3":{"start":{"line":2,"column":110},"end":{"line":2,"column":270}},"4":{"start":{"line":2,"column":277},"end":{"line":2,"column":379}},"5":{"start":{"line":2,"column":386},"end":{"line":2,"column":644}},"6":{"start":{"line":2,"column":651},"end":{"line":2,"column":794}},"7":{"start":{"line":2,"column":801},"end":{"line":2,"column":1069}},"8":{"start":{"line":2,"column":1076},"end":{"line":2,"column":1234}},"9":{"start":{"line":2,"column":1241},"end":{"line":2,"column":1321}},"10":{"start":{"line":2,"column":1328},"end":{"line":2,"column":1504}},"11":{"start":{"line":2,"column":1511},"end":{"line":2,"column":1665}},"12":{"start":{"line":2,"column":1672},"end":{"line":2,"column":1844}},"13":{"start":{"line":2,"column":1851},"end":{"line":2,"column":1917}},"14":{"start":{"line":2,"column":1924},"end":{"line":2,"column":1939}},"15":{"start":{"line":2,"column":1946},"end":{"line":2,"column":2058}},"16":{"start":{"line":2,"column":2065},"end":{"line":2,"column":2070}},"17":{"start":{"line":2,"column":2077},"end":{"line":2,"column":2082}},"18":{"start":{"line":2,"column":2089},"end":{"line":2,"column":2094}},"19":{"start":{"line":2,"column":2101},"end":{"line":2,"column":2106}},"20":{"start":{"line":2,"column":2113},"end":{"line":2,"column":2118}},"21":{"start":{"line":2,"column":2125},"end":{"line":2,"column":2130}},"22":{"start":{"line":2,"column":2137},"end":{"line":2,"column":2142}},"23":{"start":{"line":2,"column":2149},"end":{"line":2,"column":2154}},"24":{"start":{"line":2,"column":2161},"end":{"line":2,"column":2166}},"25":{"start":{"line":2,"column":2173},"end":{"line":2,"column":2178}},"26":{"start":{"line":2,"column":2185},"end":{"line":2,"column":2190}},"27":{"start":{"line":2,"column":2197},"end":{"line":2,"column":2202}},"28":{"start":{"line":2,"column":2209},"end":{"line":2,"column":2217}},"29":{"start":{"line":2,"column":2224},"end":{"line":2,"column":2523}},"30":{"start":{"line":2,"column":2545},"end":{"line":2,"column":2546}},"31":{"start":{"line":2,"column":2553},"end":{"line":2,"column":2558}},"32":{"start":{"line":2,"column":2566},"end":{"line":2,"column":2571}},"33":{"start":{"line":2,"column":2572},"end":{"line":2,"column":2754}},"34":{"start":{"line":2,"column":2582},"end":{"line":2,"column":2583}},"35":{"start":{"line":2,"column":2586},"end":{"line":2,"column":2594}},"36":{"start":{"line":2,"column":2611},"end":{"line":2,"column":2615}},"37":{"start":{"line":2,"column":2616},"end":{"line":2,"column":2753}},"38":{"start":{"line":2,"column":2634},"end":{"line":2,"column":2641}},"39":{"start":{"line":2,"column":2647},"end":{"line":2,"column":2752}},"40":{"start":{"line":2,"column":2730},"end":{"line":2,"column":2737}},"41":{"start":{"line":2,"column":2737},"end":{"line":2,"column":2746}},"42":{"start":{"line":2,"column":2746},"end":{"line":2,"column":2751}},"43":{"start":{"line":2,"column":2760},"end":{"line":2,"column":2789}},"44":{"start":{"line":2,"column":2813},"end":{"line":2,"column":2829}},"45":{"start":{"line":2,"column":2830},"end":{"line":2,"column":2852}},"46":{"start":{"line":2,"column":2842},"end":{"line":2,"column":2851}},"47":{"start":{"line":2,"column":2859},"end":{"line":2,"column":2871}},"48":{"start":{"line":2,"column":2872},"end":{"line":2,"column":2881}},"49":{"start":{"line":2,"column":2881},"end":{"line":2,"column":3054}},"50":{"start":{"line":2,"column":2888},"end":{"line":2,"column":2897}},"51":{"start":{"line":2,"column":2903},"end":{"line":2,"column":3053}},"52":{"start":{"line":2,"column":2924},"end":{"line":2,"column":2958}},"53":{"start":{"line":2,"column":2964},"end":{"line":2,"column":3052}},"54":{"start":{"line":2,"column":2987},"end":{"line":2,"column":3022}},"55":{"start":{"line":2,"column":3028},"end":{"line":2,"column":3051}},"56":{"start":{"line":2,"column":3070},"end":{"line":2,"column":3123}},"57":{"start":{"line":2,"column":3080},"end":{"line":2,"column":3122}},"58":{"start":{"line":2,"column":3130},"end":{"line":2,"column":3153}},"59":{"start":{"line":2,"column":3154},"end":{"line":2,"column":3209}},"60":{"start":{"line":2,"column":3198},"end":{"line":2,"column":3208}},"61":{"start":{"line":2,"column":3209},"end":{"line":2,"column":3218}},"62":{"start":{"line":2,"column":3241},"end":{"line":2,"column":3392}},"63":{"start":{"line":2,"column":3400},"end":{"line":2,"column":3402}},"64":{"start":{"line":2,"column":3410},"end":{"line":2,"column":3412}},"65":{"start":{"line":2,"column":3420},"end":{"line":2,"column":3431}},"66":{"start":{"line":2,"column":3432},"end":{"line":2,"column":3796}},"67":{"start":{"line":2,"column":3443},"end":{"line":2,"column":3449}},"68":{"start":{"line":2,"column":3453},"end":{"line":2,"column":3462}},"69":{"start":{"line":2,"column":3482},"end":{"line":2,"column":3488}},"70":{"start":{"line":2,"column":3489},"end":{"line":2,"column":3795}},"71":{"start":{"line":2,"column":3514},"end":{"line":2,"column":3525}},"72":{"start":{"line":2,"column":3538},"end":{"line":2,"column":3544}},"73":{"start":{"line":2,"column":3552},"end":{"line":2,"column":3613}},"74":{"start":{"line":2,"column":3580},"end":{"line":2,"column":3596}},"75":{"start":{"line":2,"column":3596},"end":{"line":2,"column":3601}},"76":{"start":{"line":2,"column":3607},"end":{"line":2,"column":3612}},"77":{"start":{"line":2,"column":3613},"end":{"line":2,"column":3630}},"78":{"start":{"line":2,"column":3630},"end":{"line":2,"column":3794}},"79":{"start":{"line":2,"column":3651},"end":{"line":2,"column":3720}},"80":{"start":{"line":2,"column":3671},"end":{"line":2,"column":3719}},"81":{"start":{"line":2,"column":3720},"end":{"line":2,"column":3793}},"82":{"start":{"line":2,"column":3741},"end":{"line":2,"column":3792}},"83":{"start":{"line":2,"column":3796},"end":{"line":2,"column":3857}},"84":{"start":{"line":2,"column":3820},"end":{"line":2,"column":3854}},"85":{"start":{"line":2,"column":3864},"end":{"line":2,"column":3866}},"86":{"start":{"line":2,"column":3874},"end":{"line":2,"column":3883}},"87":{"start":{"line":2,"column":3884},"end":{"line":2,"column":3998}},"88":{"start":{"line":2,"column":3895},"end":{"line":2,"column":3896}},"89":{"start":{"line":2,"column":3923},"end":{"line":2,"column":3929}},"90":{"start":{"line":2,"column":3930},"end":{"line":2,"column":3997}},"91":{"start":{"line":2,"column":3949},"end":{"line":2,"column":3976}},"92":{"start":{"line":2,"column":3982},"end":{"line":2,"column":3996}},"93":{"start":{"line":2,"column":4005},"end":{"line":2,"column":4010}},"94":{"start":{"line":2,"column":4011},"end":{"line":2,"column":4031}},"95":{"start":{"line":2,"column":4018},"end":{"line":2,"column":4030}},"96":{"start":{"line":2,"column":4031},"end":{"line":2,"column":4052}},"97":{"start":{"line":2,"column":4052},"end":{"line":2,"column":4182}},"98":{"start":{"line":2,"column":4063},"end":{"line":2,"column":4064}},"99":{"start":{"line":2,"column":4091},"end":{"line":2,"column":4097}},"100":{"start":{"line":2,"column":4098},"end":{"line":2,"column":4116}},"101":{"start":{"line":2,"column":4116},"end":{"line":2,"column":4181}},"102":{"start":{"line":2,"column":4132},"end":{"line":2,"column":4163}},"103":{"start":{"line":2,"column":4150},"end":{"line":2,"column":4162}},"104":{"start":{"line":2,"column":4163},"end":{"line":2,"column":4180}},"105":{"start":{"line":2,"column":4182},"end":{"line":2,"column":4195}},"106":{"start":{"line":2,"column":4195},"end":{"line":2,"column":4213}},"107":{"start":{"line":2,"column":4236},"end":{"line":2,"column":4424}},"108":{"start":{"line":2,"column":4432},"end":{"line":2,"column":4441}},"109":{"start":{"line":2,"column":4449},"end":{"line":2,"column":4451}},"110":{"start":{"line":2,"column":4452},"end":{"line":2,"column":4595}},"111":{"start":{"line":2,"column":4463},"end":{"line":2,"column":4464}},"112":{"start":{"line":2,"column":4468},"end":{"line":2,"column":4469}},"113":{"start":{"line":2,"column":4489},"end":{"line":2,"column":4495}},"114":{"start":{"line":2,"column":4496},"end":{"line":2,"column":4594}},"115":{"start":{"line":2,"column":4509},"end":{"line":2,"column":4513}},"116":{"start":{"line":2,"column":4519},"end":{"line":2,"column":4593}},"117":{"start":{"line":2,"column":4550},"end":{"line":2,"column":4566}},"118":{"start":{"line":2,"column":4567},"end":{"line":2,"column":4592}},"119":{"start":{"line":2,"column":4582},"end":{"line":2,"column":4591}},"120":{"start":{"line":2,"column":4595},"end":{"line":2,"column":4656}},"121":{"start":{"line":2,"column":4606},"end":{"line":2,"column":4607}},"122":{"start":{"line":2,"column":4627},"end":{"line":2,"column":4655}},"123":{"start":{"line":2,"column":4643},"end":{"line":2,"column":4654}},"124":{"start":{"line":2,"column":4656},"end":{"line":2,"column":4845}},"125":{"start":{"line":2,"column":4667},"end":{"line":2,"column":4668}},"126":{"start":{"line":2,"column":4672},"end":{"line":2,"column":4673}},"127":{"start":{"line":2,"column":4693},"end":{"line":2,"column":4699}},"128":{"start":{"line":2,"column":4700},"end":{"line":2,"column":4844}},"129":{"start":{"line":2,"column":4713},"end":{"line":2,"column":4718}},"130":{"start":{"line":2,"column":4718},"end":{"line":2,"column":4754}},"131":{"start":{"line":2,"column":4741},"end":{"line":2,"column":4753}},"132":{"start":{"line":2,"column":4760},"end":{"line":2,"column":4843}},"133":{"start":{"line":2,"column":4791},"end":{"line":2,"column":4807}},"134":{"start":{"line":2,"column":4808},"end":{"line":2,"column":4842}},"135":{"start":{"line":2,"column":4823},"end":{"line":2,"column":4841}},"136":{"start":{"line":2,"column":4845},"end":{"line":2,"column":4919}},"137":{"start":{"line":2,"column":4856},"end":{"line":2,"column":4857}},"138":{"start":{"line":2,"column":4861},"end":{"line":2,"column":4862}},"139":{"start":{"line":2,"column":4875},"end":{"line":2,"column":4918}},"140":{"start":{"line":2,"column":4908},"end":{"line":2,"column":4917}},"141":{"start":{"line":2,"column":4919},"end":{"line":2,"column":5178}},"142":{"start":{"line":2,"column":4940},"end":{"line":2,"column":5177}},"143":{"start":{"line":2,"column":4951},"end":{"line":2,"column":4952}},"144":{"start":{"line":2,"column":4972},"end":{"line":2,"column":4978}},"145":{"start":{"line":2,"column":4986},"end":{"line":2,"column":4998}},"146":{"start":{"line":2,"column":4999},"end":{"line":2,"column":5176}},"147":{"start":{"line":2,"column":5026},"end":{"line":2,"column":5038}},"148":{"start":{"line":2,"column":5044},"end":{"line":2,"column":5175}},"149":{"start":{"line":2,"column":5058},"end":{"line":2,"column":5174}},"150":{"start":{"line":2,"column":5108},"end":{"line":2,"column":5124}},"151":{"start":{"line":2,"column":5125},"end":{"line":2,"column":5172}},"152":{"start":{"line":2,"column":5178},"end":{"line":2,"column":5196}},"153":{"start":{"line":2,"column":5204},"end":{"line":2,"column":5206}},"154":{"start":{"line":2,"column":5207},"end":{"line":2,"column":5327}},"155":{"start"
[...]
start":{"line":157,"column":16},"end":{"line":168,"column":18}},"67":{"start":{"line":158,"column":31},"end":{"line":158,"column":50}},"68":{"start":{"line":160,"column":20},"end":{"line":162,"column":21}},"69":{"start":{"line":161,"column":24},"end":{"line":161,"column":49}},"70":{"start":{"line":163,"column":20},"end":{"line":163,"column":41}},"71":{"start":{"line":164,"column":20},"end":{"line":164,"column":43}},"72":{"start":{"line":165,"column":20},"end":{"line":165,"column":42}},"73":{"start":{"line":166,"column":20},"end":{"line":166,"column":44}},"74":{"start":{"line":167,"column":20},"end":{"line":167,"column":40}},"75":{"start":{"line":170,"column":8},"end":{"line":181,"column":9}},"76":{"start":{"line":171,"column":12},"end":{"line":180,"column":13}},"77":{"start":{"line":174,"column":16},"end":{"line":174,"column":76}},"78":{"start":{"line":175,"column":16},"end":{"line":179,"column":17}},"79":{"start":{"line":176,"column":20},"end":{"line":176,"column":63}},"80":{"start":{"line":178,"column":20},"end":{"line":178,"column":60}},"81":{"start":{"line":184,"column":4},"end":{"line":193,"column":6}},"82":{"start":{"line":185,"column":8},"end":{"line":187,"column":9}},"83":{"start":{"line":186,"column":12},"end":{"line":186,"column":19}},"84":{"start":{"line":188,"column":8},"end":{"line":188,"column":29}},"85":{"start":{"line":189,"column":8},"end":{"line":189,"column":19}},"86":{"start":{"line":190,"column":8},"end":{"line":190,"column":23}},"87":{"start":{"line":191,"column":8},"end":{"line":191,"column":28}},"88":{"start":{"line":192,"column":8},"end":{"line":192,"column":19}},"89":{"start":{"line":196,"column":0},"end":{"line":196,"column":44}}},"fnMap":{"0":{"name":"(anonymous_0)","decl":{"start":{"line":2,"column":18},"end":{"line":2,"column":19}},"loc":{"start":{"line":2,"column":29},"end":{"line":194,"column":1}},"line":2},"1":{"name":"getTable","decl":{"start":{"line":11,"column":13},"end":{"line":11,"column":21}},"loc":{"start":{"line":11,"column":24},"end":{"line":13,"column":5}},"line":11},"2":{"name":"getTableHeader","decl":{"start":{"line":15,"column":13},"end":{"line":15,"column":27}},"loc":{"start":{"line":15,"column":30},"end":{"line":17,"column":5}},"line":15},"3":{"name":"getTableBody","decl":{"start":{"line":19,"column":13},"end":{"line":19,"column":25}},"loc":{"start":{"line":19,"column":28},"end":{"line":21,"column":5}},"line":19},"4":{"name":"getNthColumn","decl":{"start":{"line":23,"column":13},"end":{"line":23,"column":25}},"loc":{"start":{"line":23,"column":29},"end":{"line":25,"column":5}},"line":23},"5":{"name":"onFilterInput","decl":{"start":{"line":27,"column":13},"end":{"line":27,"column":26}},"loc":{"start":{"line":27,"column":29},"end":{"line":42,"column":5}},"line":27},"6":{"name":"addSearchBox","decl":{"start":{"line":45,"column":13},"end":{"line":45,"column":25}},"loc":{"start":{"line":45,"column":28},"end":{"line":50,"column":5}},"line":45},"7":{"name":"loadColumns","decl":{"start":{"line":53,"column":13},"end":{"line":53,"column":24}},"loc":{"start":{"line":53,"column":27},"end":{"line":75,"column":5}},"line":53},"8":{"name":"loadRowData","decl":{"start":{"line":78,"column":13},"end":{"line":78,"column":24}},"loc":{"start":{"line":78,"column":35},"end":{"line":95,"column":5}},"line":78},"9":{"name":"loadData","decl":{"start":{"line":97,"column":13},"end":{"line":97,"column":21}},"loc":{"start":{"line":97,"column":24},"end":{"line":104,"column":5}},"line":97},"10":{"name":"sortByIndex","decl":{"start":{"line":106,"column":13},"end":{"line":106,"column":24}},"loc":{"start":{"line":106,"column":38},"end":{"line":135,"column":5}},"line":106},"11":{"name":"(anonymous_11)","decl":{"start":{"line":108,"column":21},"end":{"line":108,"column":22}},"loc":{"start":{"line":108,"column":36},"end":{"line":112,"column":13}},"line":108},"12":{"name":"(anonymous_12)","decl":{"start":{"line":120,"column":26},"end":{"line":120,"column":27}},"loc":{"start":{"line":120,"column":41},"end":{"line":122,"column":13}},"line":120},"13":{"name":"removeSortIndicators","decl":{"start":{"line":137,"column":13},"end":{"line":137,"column":33}},"loc":{"start":{"line":137,"column":36},"end":{"line":143,"column":5}},"line":137},"14":{"name":"addSortIndicators","decl":{"start":{"line":145,"column":13},"end":{"line":145,"column":30}},"loc":{"start":{"line":145,"column":33},"end":{"line":149,"column":5}},"line":145},"15":{"name":"enableUI","decl":{"start":{"line":151,"column":13},"end":{"line":151,"column":21}},"loc":{"start":{"line":151,"column":24},"end":{"line":182,"column":5}},"line":151},"16":{"name":"ithSorter","decl":{"start":{"line":154,"column":33},"end":{"line":154,"column":42}},"loc":{"start":{"line":154,"column":46},"end":{"line":169,"column":13}},"line":154},"17":{"name":"(anonymous_17)","decl":{"start":{"line":157,"column":23},"end":{"line":157,"column":24}},"loc":{"start":{"line":157,"column":34},"end":{"line":168,"column":17}},"line":157},"18":{"name":"(anonymous_18)","decl":{"start":{"line":184,"column":11},"end":{"line":184,"column":12}},"loc":{"start":{"line":184,"column":22},"end":{"line":193,"column":5}},"line":184}},"branchMap":{"0":{"loc":{"start":{"line":32,"column":12},"end":{"line":40,"column":13}},"type":"if","locations":[{"start":{"line":32,"column":12},"end":{"line":40,"column":13}},{"start":{"line":38,"column":19},"end":{"line":40,"column":13}}],"line":32},"1":{"loc":{"start":{"line":65,"column":22},"end":{"line":65,"column":67}},"type":"binary-expr","locations":[{"start":{"line":65,"column":22},"end":{"line":65,"column":55}},{"start":{"line":65,"column":59},"end":{"line":65,"column":67}}],"line":65},"2":{"loc":{"start":{"line":68,"column":12},"end":{"line":72,"column":13}},"type":"if","locations":[{"start":{"line":68,"column":12},"end":{"line":72,"column":13}},{"start":{},"end":{}}],"line":68},"3":{"loc":{"start":{"line":89,"column":12},"end":{"line":91,"column":13}},"type":"if","locations":[{"start":{"line":89,"column":12},"end":{"line":91,"column":13}},{"start":{},"end":{}}],"line":89},"4":{"loc":{"start":{"line":111,"column":23},"end":{"line":111,"column":49}},"type":"cond-expr","locations":[{"start":{"line":111,"column":31},"end":{"line":111,"column":33}},{"start":{"line":111,"column":36},"end":{"line":111,"column":49}}],"line":111},"5":{"loc":{"start":{"line":111,"column":36},"end":{"line":111,"column":49}},"type":"cond-expr","locations":[{"start":{"line":111,"column":44},"end":{"line":111,"column":45}},{"start":{"line":111,"column":48},"end":{"line":111,"column":49}}],"line":111},"6":{"loc":{"start":{"line":119,"column":8},"end":{"line":123,"column":9}},"type":"if","locations":[{"start":{"line":119,"column":8},"end":{"line":123,"column":9}},{"start":{},"end":{}}],"line":119},"7":{"loc":{"start":{"line":146,"column":53},"end":{"line":148,"column":23}},"type":"cond-expr","locations":[{"start":{"line":147,"column":14},"end":{"line":147,"column":28}},{"start":{"line":148,"column":14},"end":{"line":148,"column":23}}],"line":146},"8":{"loc":{"start":{"line":160,"column":20},"end":{"line":162,"column":21}},"type":"if","locations":[{"start":{"line":160,"column":20},"end":{"line":162,"column":21}},{"start":{},"end":{}}],"line":160},"9":{"loc":{"start":{"line":171,"column":12},"end":{"line":180,"column":13}},"type":"if","locations":[{"start":{"line":171,"column":12},"end":{"line":180,"column":13}},{"start":{},"end":{}}],"line":171},"10":{"loc":{"start":{"line":175,"column":16},"end":{"line":179,"column":17}},"type":"if","locations":[{"start":{"line":175,"column":16},"end":{"line":179,"column":17}},{"start":{"line":177,"column":23},"end":{"line":179,"column":17}}],"line":175},"11":{"loc":{"start":{"line":185,"column":8},"end":{"line":187,"column":9}},"type":"if","locations":[{"start":{"line":185,"column":8},"end":{"line":187,"column":9}},{"start":{},"end":{}}],"line":185}},"s":{"0":0,"1":0,"2":0,"3":0,"4":0,"5":0,"6":0,"7":0,"8":0,"9":0,"10":0,"11":0,"12":0,"13":0,"14":0,"15":0,"16":0,"17":0,"18":0,"19":0,"20":0,"21":0,"22":0,"23":0,"24":0,"25":0,"26":0,"27":0,"28":0,"29":0,"30":0,"31":0,"32":0,"33":0,"34":0,"35":0,"36":0,"37":0,"38":0,"39":0,"40":0,"41":0,"42":0,"43":0,"44":0,"45":0,"46":0,"47":0,"48":0,"49":0,"50":0,"51":0,"52":0,"53":0,"54":0,"55":0,"56":0,"57":0,"58":0,"59":0,"60":0,"61":0,"62":0,"63":0,"64":0,"65":0,"66":0,"67":0,"68":0,"69":0,"70":0,"71":0,"72":0,"73":0,"74":0,"75":0,"76":0,"77":0,"78":0,"79":0,"80":0,"81":0,"82":0,"83":0,"84":0,"85":0,"86":0,"87":0,"88":0,"89":0},"f":{"0":0,"1":0,"2":0,"3":0,"4":0,"5":0,"6":0,"7":0,"8":0,"9":0,"10":0,"11":0,"12":0,"13":0,"14":0,"15":0,"16":0,"17":0,"18":0},"b":{"0":[0,0],"1":[0,0],"2":[0,0],"3":[0,0],"4":[0,0],"5":[0,0],"6":[0,0],"7":[0,0],"8":[0,0],"9":[0,0],"10":[0,0],"11":[0,0]}}
,"/home/dennis/Docklight/server/server.ts": {"path":"/home/dennis/Docklight/server/server.ts","statementMap":{"0":{"start":{"line":4,"column":12},"end":{"line":4,"column":21}},"1":{"start":{"line":6,"column":21},"end":{"line":6,"column":25}},"2":{"start":{"line":8,"column":0},"end":{"line":15,"column":3}},"3":{"start":{"line":9,"column":2},"end":{"line":9,"column":52}},"4":{"start":{"line":10,"column":2},"end":{"line":10,"column":60}},"5":{"start":{"line":11,"column":2},"end":{"line":11,"column":77}},"6":{"start":{"line":12,"column":2},"end":{"line":12,"column":190}},"7":{"start":{"line":13,"column":2},"end":{"line":13,"column":18}},"8":{"start":{"line":14,"column":2},"end":{"line":14,"column":9}},"9":{"start":{"line":19,"column":0},"end":{"line":19,"column":24}},"10":{"start":{"line":20,"column":0},"end":{"line":20,"column":46}},"11":{"start":{"line":23,"column":0},"end":{"line":25,"column":3}},"12":{"start":{"line":24,"column":2},"end":{"line":24,"column":83}},"13":{"start":{"line":28,"column":0},"end":{"line":28,"column":33}},"14":{"start":{"line":31,"column":0},"end":{"line":31,"column":68}},"15":{"start":{"line":34,"column":0},"end":{"line":36,"column":3}},"16":{"start":{"line":35,"column":2},"end":{"line":35,"column":36}},"17":{"start":{"line":39,"column":0},"end":{"line":48,"column":3}},"18":{"start":{"line":40,"column":21},"end":{"line":44,"column":3}},"19":{"start":{"line":45,"column":19},"end":{"line":45,"column":53}},"20":{"start":{"line":46,"column":2},"end":{"line":46,"column":53}},"21":{"start":{"line":47,"column":2},"end":{"line":47,"column":60}},"22":{"start":{"line":50,"column":0},"end":{"line":52,"column":3}},"23":{"start":{"line":51,"column":2},"end":{"line":51,"column":45}}},"fnMap":{"0":{"name":"(anonymous_0)","decl":{"start":{"line":8,"column":8},"end":{"line":8,"column":9}},"loc":{"start":{"line":8,"column":61},"end":{"line":15,"column":1}},"line":8},"1":{"name":"(anonymous_1)","decl":{"start":{"line":23,"column":13},"end":{"line":23,"column":14}},"loc":{"start":{"line":23,"column":46},"end":{"line":25,"column":1}},"line":23},"2":{"name":"(anonymous_2)","decl":{"start":{"line":34,"column":13},"end":{"line":34,"column":14}},"loc":{"start":{"line":34,"column":46},"end":{"line":36,"column":1}},"line":34},"3":{"name":"(anonymous_3)","decl":{"start":{"line":39,"column":8},"end":{"line":39,"column":9}},"loc":{"start":{"line":39,"column":87},"end":{"line":48,"column":1}},"line":39},"4":{"name":"(anonymous_4)","decl":{"start":{"line":50,"column":17},"end":{"line":50,"column":18}},"loc":{"start":{"line":50,"column":23},"end":{"line":52,"column":1}},"line":50}},"branchMap":{},"s":{"0":0,"1":0,"2":0,"3":0,"4":0,"5":0,"6":0,"7":0,"8":0,"9":0,"10":0,"11":0,"12":0,"13":0,"14":0,"15":0,"16":0,"17":0,"18":0,"19":0,"20":0,"21":0,"22":0,"23":0},"f":{"0":0,"1":0,"2":0,"3":0,"4":0},"b":{}}
,"/home/dennis/Docklight/server/controllers/ContainerMountController.ts": {"path":"/home/dennis/Docklight/server/controllers/ContainerMountController.ts","statementMap":{"0":{"start":{"line":4,"column":17},"end":{"line":4,"column":32}},"1":{"start":{"line":6,"column":40},"end":{"line":38,"column":1}},"2":{"start":{"line":9,"column":23},"end":{"line":9,"column":31}},"3":{"start":{"line":10,"column":8},"end":{"line":20,"column":9}},"4":{"start":{"line":11,"column":29},"end":{"line":11,"column":64}},"5":{"start":{"line":12,"column":10},"end":{"line":12,"column":29}},"6":{"start":{"line":13,"column":10},"end":{"line":13,"column":24}},"7":{"start":{"line":16,"column":10},"end":{"line":19,"column":13}},"8":{"start":{"line":24,"column":19},"end":{"line":24,"column":27}},"9":{"start":{"line":25,"column":4},"end":{"line":35,"column":5}},"10":{"start":{"line":26,"column":27},"end":{"line":26,"column":63}},"11":{"start":{"line":27,"column":8},"end":{"line":27,"column":27}},"12":{"start":{"line":28,"column":8},"end":{"line":28,"column":22}},"13":{"start":{"line":31,"column":8},"end":{"line":34,"column":11}}},"fnMap":{"0":{"name":"(anonymous_0)","decl":{"start":{"line":8,"column":19},"end":{"line":8,"column":20}},"loc":{"start":{"line":8,"column":78},"end":{"line":21,"column":7}},"line":8},"1":{"name":"(anonymous_1)","decl":{"start":{"line":23,"column":20},"end":{"line":23,"column":21}},"loc":{"start":{"line":23,"column":79},"end":{"line":36,"column":5}},"line":23}},"branchMap":{},"s":{"0":0,"1":0,"2":0,"3":0,"4":0,"5":0,"6":0,"7":0,"8":0,"9":0,"10":0,"11":0,"12":0,"13":0},"f":{"0":0,"1":0},"b":{}}
,"/home/dennis/Docklight/server/controllers/ContainerStreamController.ts": {"path":"/home/dennis/Docklight/server/controllers/ContainerStreamController.ts","statementMap":{"0":{"start":{"line":4,"column":17},"end":{"line":4,"column":32}},"1":{"start":{"line":7,"column":18},"end":{"line":17,"column":1}},"2":{"start":{"line":8,"column":21},"end":{"line":8,"column":23}},"3":{"start":{"line":9,"column":22},"end":{"line":9,"column":35}},"4":{"start":{"line":11,"column":16},"end":{"line":11,"column":39}},"5":{"start":{"line":13,"column":2},"end":{"line":15,"column":3}},"6":{"start":{"line":13,"column":15},"end":{"line":13,"column":16}},"7":{"start":{"line":14,"column":4},"end":{"line":14,"column":42}},"8":{"start":{"line":16,"column":2},"end":{"line":16,"column":20}},"9":{"start":{"line":18,"column":41},"end":{"line":93,"column":1}},"10":{"start":{"line":23,"column":4},"end":{"line":27,"column":7}},"11":{"start":{"line":28,"column":21},"end":{"line":35,"column":12}},"12":{"start":{"line":29,"column":25},"end":{"line":29,"column":89}},"13":{"start":{"line":30,"column":6},"end":{"line":30,"column":45}},"14":{"start":{"line":31,"column":29},"end":{"line":31,"column":46}},"15":{"start":{"line":32,"column":30},"end":{"line":32,"column":50}},"16":{"start":{"line":33,"column":6},"end":{"line":33,"column":38}},"17":{"start":{"line":34,"column":6},"end":{"line":34,"column":45}},"18":{"start":{"line":37,"column":4},"end":{"line":42,"column":7}},"19":{"start":{"line":38,"column":6},"end":{"line":38,"column":43}},"20":{"start":{"line":40,"column":6},"end":{"line":40,"column":30}},"21":{"start":{"line":41,"column":6},"end":{"line":41,"column":16}},"22":{"start":{"line":47,"column":4},"end":{"line":51,"column":7}},"23":{"start":{"line":53,"column":19},"end":{"line":53,"column":28}},"24":{"start":{"line":54,"column":21},"end":{"line":61,"column":12}},"25":{"start":{"line":55,"column":25},"end":{"line":55,"column":95}},"26":{"start":{"line":56,"column":6},"end":{"line":56,"column":51}},"27":{"start":{"line":57,"column":29},"end":{"line":57,"column":46}},"28":{"start":{"line":58,"column":30},"end":{"line":58,"column":50}},"29":{"start":{"line":59,"column":6},"end":{"line":59,"column":42}},"30":{"start":{"line":60,"column":6},"end":{"line":60,"column":45}},"31":{"start":{"line":63,"column":4},"end":{"line":68,"column":7}},"32":{"start":{"line":64,"column":6},"end":{"line":64,"column":43}},"33":{"start":{"line":66,"column":6},"end":{"line":66,"column":30}},"34":{"start":{"line":67,"column":6},"end":{"line":67,"column":16}},"35":{"start":{"line":73,"column":4},"end":{"line":91,"column":5}},"36":{"start":{"line":74,"column":25},"end":{"line":74,"column":80}},"37":{"start":{"line":75,"column":22},"end":{"line":81,"column":8}},"38":{"start":{"line":76,"column":8},"end":{"line":80,"column":11}},"39":{"start":{"line":82,"column":6},"end":{"line":82,"column":27}},"40":{"start":{"line":83,"column":6},"end":{"line":83,"column":38}},"41":{"start":{"line":84,"column":6},"end":{"line":84,"column":20}},"42":{"start":{"line":87,"column":6},"end":{"line":90,"column":9}}},"fnMap":{"0":{"name":"(anonymous_0)","decl":{"start":{"line":7,"column":18},"end":{"line":7,"column":19}},"loc":{"start":{"line":7,"column":38},"end":{"line":17,"column":1}},"line":7},"1":{"name":"(anonymous_1)","decl":{"start":{"line":21,"column":21},"end":{"line":21,"column":22}},"loc":{"start":{"line":21,"column":74},"end":{"line":43,"column":3}},"line":21},"2":{"name":"(anonymous_2)","decl":{"start":{"line":28,"column":33},"end":{"line":28,"column":34}},"loc":{"start":{"line":28,"column":45},"end":{"line":35,"column":5}},"line":28},"3":{"name":"(anonymous_3)","decl":{"start":{"line":37,"column":20},"end":{"line":37,"column":21}},"loc":{"start":{"line":37,"column":26},"end":{"line":42,"column":5}},"line":37},"4":{"name":"(anonymous_4)","decl":{"start":{"line":46,"column":25},"end":{"line":46,"column":26}},"loc":{"start":{"line":46,"column":78},"end":{"line":69,"column":3}},"line":46},"5":{"name":"(anonymous_5)","decl":{"start":{"line":54,"column":33},"end":{"line":54,"column":34}},"loc":{"start":{"line":54,"column":45},"end":{"line":61,"column":5}},"line":54},"6":{"name":"(anonymous_6)","decl":{"start":{"line":63,"column":20},"end":{"line":63,"column":21}},"loc":{"start":{"line":63,"column":26},"end":{"line":68,"column":5}},"line":63},"7":{"name":"(anonymous_7)","decl":{"start":{"line":72,"column":20},"end":{"line":72,"column":21}},"loc":{"start":{"line":72,"column":79},"end":{"line":92,"column":3}},"line":72},"8":{"name":"(anonymous_8)","decl":{"start":{"line":75,"column":44},"end":{"line":75,"column":45}},"loc":{"start":{"line":75,"column":57},"end":{"line":81,"column":7}},"line":75}},"branchMap":{},"s":{"0":0,"1":0,"2":0,"3":0,"4":0,"5":0,"6":0,"7":0,"8":0,"9":0,"10":0,"11":0,"12":0,"13":0,"14":0,"15":0,"16":0,"17":0,"18":0,"19":0,"20":0,"21":0,"22":0,"23":0,"24":0,"25":0,"26":0,"27":0,"28":0,"29":0,"30":0,"31":0,"32":0,"33":0,"34":0,"35":0,"36":0,"37":0,"38":0,"39":0,"40":0,"41":0,"42":0},"f":{"0":0,"1":0,"2":0,"3":0,"4":0,"5":0,"6":0,"7":0,"8":0},"b":{}}
,"/home/dennis/Docklight/server/routes/ContainerRoute.ts": {"path":"/home/dennis/Docklight/server/routes/ContainerRoute.ts","statementMap":{"0":{"start":{"line":4,"column":15},"end":{"line":4,"column":23}},"1":{"start":{"line":6,"column":0},"end":{"line":8,"column":3}},"2":{"start":{"line":7,"column":2},"end":{"line":7,"column":41}},"3":{"start":{"line":10,"column":0},"end":{"line":10,"column":75}},"4":{"start":{"line":12,"column":0},"end":{"line":12,"column":71}},"5":{"start":{"line":14,"column":0},"end":{"line":16,"column":3}},"6":{"start":{"line":15,"column":2},"end":{"line":15,"column":37}},"7":{"start":{"line":18,"column":0},"end":{"line":20,"column":3}},"8":{"start":{"line":19,"column":2},"end":{"line":19,"column":36}},"9":{"start":{"line":22,"column":0},"end":{"line":24,"column":3}},"10":{"start":{"line":23,"column":2},"end":{"line":23,"column":46}}},"fnMap":{"0":{"name":"(anonymous_0)","decl":{"start":{"line":6,"column":16},"end":{"line":6,"column":17}},"loc":{"start":{"line":6,"column":49},"end":{"line":8,"column":1}},"line":6},"1":{"name":"(anonymous_1)","decl":{"start":{"line":14,"column":60},"end":{"line":14,"column":61}},"loc":{"start":{"line":14,"column":93},"end":{"line":16,"column":1}},"line":14},"2":{"name":"(anonymous_2)","decl":{"start":{"line":18,"column":60},"end":{"line":18,"column":61}},"loc":{"start":{"line":18,"column":93},"end":{"line":20,"column":1}},"line":18},"3":{"name":"(anonymous_3)","decl":{"start":{"line":22,"column":64},"end":{"line":22,"column":65}},"loc":{"start":{"line":22,"column":97},"end":{"line":24,"column":1}},"line":22}},"branchMap":{},"s":{"0":0,"1":0,"2":0,"3":0,"4":0,"5":0,"6":0,"7":0,"8":0,"9":0,"10":0},"f":{"0":0,"1":0,"2":0,"3":0},"b":{}}
}
